Clus run metaDataset
********************

Date: 2/26/20, 5:11 PM
File: AUCROC_MICRO.out
Attributes: 54 (input: 50, output: 3)
Missing values: No

[General]
Verbose = 1
RandomSeed = 0
ResourceInfoLoaded = No
DoNotInduce = No
LoggingProperties = logging.properties

[Data]
File = /home/matilda/PycharmProjects/MetaLearningForMLC/Meta_learning_MLC/LearningScenarios/Supervised/Task_5/dataset_clus.arff
TestSet = None
PruneSet = None
XVal = 40
RemoveMissingTarget = No
NormalizeData = None

[Attributes]
Target = 52-54
Clustering = 52-54
Descriptive = 2-51
Key = 1
Disable = None
Weights = Normalize
ClusteringWeights = 1.0
ReduceMemoryNominalAttrs = No
GIS = None

[Constraints]
Syntactic = None
MaxSize = Infinity
MaxError = 0.0
MaxDepth = Infinity

[Nominal]
MEstimate = 1.0

[Model]
MinimalWeight = 2.0
MinimalNumberExamples = 0
MinimalKnownWeight = 0.0
ParamTuneNumberFolds = 39
NominalSubsetTests = Yes

[Tree]
Heuristic = VarianceReduction
HeuristicComplexity = N2
SetDistance = GSMDistance
TupleDistance = Euclidean
TSDistance = DTW
PruningMethod = M5
M5PruningMult = 2.0
FTest = 0.001
BinarySplit = Yes
ConvertToRules = No
AlternativeSplits = No
Optimize = []
MSENominal = No
SplitSampling = None
MissingClusteringAttrHandling = EstimateFromParentNode
MissingTargetAttrHandling = ParentNode
InductionOrder = DepthFirst
EntropyType = StandardEntropy
ConsiderUnlableInstancesInIGCalc = No
SpatialMatrix = Binary
SpatialMeasure = GlobalMoran
Bandwidth = 0.001
Longlat = No
NumNeightbours = 0.0
Alpha = 1.0
SplitPosition = Exact

[SemiSupervised]
SemiSupervisedMethod = PCT
StoppingCriteria = NoneAdded
UnlabeledCriteria = Threshold
ConfidenceThreshold = 0.8
ConfidenceMeasure = Variance
Iterations = 10
K = 5
UnlabeledData = 
PercentageLabeled = 5
UseWeights = No
AirbagTrials = 0
ExhaustiveSearchThresholds = [0.5,0.6,0.7,0.8,0.9,0.99]
OOBErrorCalculation = LabeledOnly
Normalization = MinMaxNormalization
Aggregation = Average
CalibrateHmcThreshold = No
PruningWhenTuning = No
InternalFolds = 5
WeightScoresFile = NO
PossibleWeights = [0.0,0.1,0.2,0.3,0.4,0.5,0.6,0.7,0.8,0.9,1.0]

[Output]
ShowModels = [Default, Pruned, Others]
TrainErrors = Yes
ValidErrors = Yes
TestErrors = Yes
AllFoldModels = Yes
AllFoldErrors = No
AllFoldDatasets = No
UnknownFrequency = No
BranchFrequency = No
ShowInfo = [Key]
PrintModelAndExamples = Yes
WriteErrorFile = No
WriteModelFile = No
WritePerBagModelFile = Yes
WriteOOBFile = No
WritePredictions = []
GzipOutput = No
ModelIDFiles = No
WriteCurves = No
OutputPythonModel = No
PythonModelType = Object
OutputROSSubspaces = No
OutputJSONModel = No
OutputDatabaseQueries = No
OutputClowdFlowsJSON = No
ComputeSpearman = No

Run: 01
*******

Statistics
----------

FTValue (FTest): 0.001
Induction Time: 0 sec
Pruning Time: 0 sec
Prediction Time (total for ClusModel.Original): 
	0 microsecs
	0 millisecs
	0 secs
Prediction Time (average for ClusModel.Original): 0 microsecs
Model information:
     Default: Nodes = 1; Leaves = 1; Depth = 1
     Original: Nodes = 7; Leaves = 4; Depth = 4
     Pruned: Nodes = 1; Leaves = 1; Depth = 1

Training error
--------------

Number of examples: 40
Mean absolute error (MAE)
   Default        : [5.5120E-2,5.5296E-2,6.2410E-2]: 5.7609E-2
   Original       : [3.1806E-2,2.8361E-2,4.1188E-2]: 3.3785E-2
   Pruned         : [5.5120E-2,5.5296E-2,6.2410E-2]: 5.7609E-2
Mean squared error (MSE)
   Default        : [4.0476E-3,4.0034E-3,5.3213E-3]: 4.4574E-3
   Original       : [1.7012E-3,1.5567E-3,3.0926E-3]: 2.1168E-3
   Pruned         : [4.0476E-3,4.0034E-3,5.3213E-3]: 4.4574E-3
Root mean squared error (RMSE)
   Default        : [6.3621E-2,6.3272E-2,7.2947E-2]: 6.6613E-2
   Original       : [4.1245E-2,3.9454E-2,5.5611E-2]: 4.5437E-2
   Pruned         : [6.3621E-2,6.3272E-2,7.2947E-2]: 6.6613E-2
Weighted root mean squared error (RMSE) (Weights [247.061,249.788,187.925])
   Default        : [1.0000E0,1.0000E0,1.0000E0]: 1.0000E0
   Original       : [6.4830E-1,6.2357E-1,7.6235E-1]: 6.7807E-1
   Pruned         : [1.0000E0,1.0000E0,1.0000E0]: 1.0000E0
Root Relative Squared Error (RRMSE)
   Default        : [1.0000E0,1.0000E0,1.0000E0]: 1.0000E0
   Original       : [6.4830E-1,6.2357E-1,7.6235E-1]: 6.7807E-1
   Pruned         : [1.0000E0,1.0000E0,1.0000E0]: 1.0000E0
Pearson correlation coefficient
   Default        : [1.2095E-7,0,4.8831E-7], Avg r^2: 8.4358E-14
   Original       : [7.6139E-1,7.8177E-1,6.4716E-1], Avg r^2: 5.3656E-1
   Pruned         : [1.2095E-7,0,4.8831E-7], Avg r^2: 8.4358E-14

Testing error
-------------

Number of examples: 40
Mean absolute error (MAE)
   Default        : [5.6533E-2,5.6714E-2,6.4010E-2]: 5.9086E-2
   Original       : [7.1328E-2,6.8637E-2,8.0362E-2]: 7.3442E-2
   Pruned         : [6.6086E-2,6.5902E-2,7.3278E-2]: 6.8422E-2
Mean squared error (MSE)
   Default        : [4.2578E-3,4.2113E-3,5.5976E-3]: 4.6889E-3
   Original       : [7.1292E-3,6.7910E-3,9.7577E-3]: 7.8926E-3
   Pruned         : [6.1083E-3,6.0988E-3,7.8269E-3]: 6.6780E-3
Root mean squared error (RMSE)
   Default        : [6.5252E-2,6.4895E-2,7.4817E-2]: 6.8321E-2
   Original       : [8.4435E-2,8.2408E-2,9.8781E-2]: 8.8541E-2
   Pruned         : [7.8155E-2,7.8095E-2,8.8470E-2]: 8.1573E-2
Weighted root mean squared error (RMSE) (Weights [247.061,249.788,187.925])
   Default        : [1.0256,1.0256,1.0256]: 1.0256
   Original       : [1.3272,1.3024,1.3541]: 1.3279
   Pruned         : [1.2285,1.2343,1.2128]: 1.2252
Root Relative Squared Error (RRMSE)
   Default        : [1.0256,1.0256,1.0256]: 1.0256
   Original       : [1.3272,1.3024,1.3541]: 1.3279
   Pruned         : [1.2285,1.2343,1.2128]: 1.2252
Pearson correlation coefficient
   Default        : [-1.0000E0,-1,-1.0000E0], Avg r^2: 1.0000E0
   Original       : [-1.8736E-1,-1.1828E-1,-3.0973E-1], Avg r^2: 4.8342E-2
   Pruned         : [-4.9399E-1,-5.0281E-1,-5.2493E-1], Avg r^2: 2.5746E-1

Default Model
*************

[8.996000E-1,8.954250E-1,8.918000E-1]

Original Model
**************

Mean of standard deviation of numeric attributes > 0.18144745438463636
+--yes: [8.709524E-1,8.586190E-1,8.568571E-1]
+--no:  Cardinality > 3.33661971830986
       +--yes: [8.203333E-1,8.480000E-1,8.570000E-1]
       +--no:  Ratio of number of instances to the number of attributes > 0.2898550724637681
              +--yes: [9.262222E-1,9.302222E-1,9.163333E-1]
              +--no:  [9.852857E-1,9.814286E-1,9.800000E-1]

Pruned Model
************

[8.996000E-1,8.954250E-1,8.918000E-1]

