Clus run metaDataset
********************

Date: 2/26/20, 5:11 PM
File: HAMMING_LOSS_example_based.out
Attributes: 54 (input: 50, output: 3)
Missing values: No

[General]
Verbose = 1
RandomSeed = 0
ResourceInfoLoaded = No
DoNotInduce = No
LoggingProperties = logging.properties

[Data]
File = /home/matilda/PycharmProjects/MetaLearningForMLC/Meta_learning_MLC/LearningScenarios/Supervised/Task_5/dataset_clus.arff
TestSet = None
PruneSet = None
XVal = 40
RemoveMissingTarget = No
NormalizeData = None

[Attributes]
Target = 52-54
Clustering = 52-54
Descriptive = 2-51
Key = 1
Disable = None
Weights = Normalize
ClusteringWeights = 1.0
ReduceMemoryNominalAttrs = No
GIS = None

[Constraints]
Syntactic = None
MaxSize = Infinity
MaxError = 0.0
MaxDepth = Infinity

[Nominal]
MEstimate = 1.0

[Model]
MinimalWeight = 2.0
MinimalNumberExamples = 0
MinimalKnownWeight = 0.0
ParamTuneNumberFolds = 39
NominalSubsetTests = Yes

[Tree]
Heuristic = VarianceReduction
HeuristicComplexity = N2
SetDistance = GSMDistance
TupleDistance = Euclidean
TSDistance = DTW
PruningMethod = M5
M5PruningMult = 2.0
FTest = 0.05
BinarySplit = Yes
ConvertToRules = No
AlternativeSplits = No
Optimize = []
MSENominal = No
SplitSampling = None
MissingClusteringAttrHandling = EstimateFromParentNode
MissingTargetAttrHandling = ParentNode
InductionOrder = DepthFirst
EntropyType = StandardEntropy
ConsiderUnlableInstancesInIGCalc = No
SpatialMatrix = Binary
SpatialMeasure = GlobalMoran
Bandwidth = 0.001
Longlat = No
NumNeightbours = 0.0
Alpha = 1.0
SplitPosition = Exact

[SemiSupervised]
SemiSupervisedMethod = PCT
StoppingCriteria = NoneAdded
UnlabeledCriteria = Threshold
ConfidenceThreshold = 0.8
ConfidenceMeasure = Variance
Iterations = 10
K = 5
UnlabeledData = 
PercentageLabeled = 5
UseWeights = No
AirbagTrials = 0
ExhaustiveSearchThresholds = [0.5,0.6,0.7,0.8,0.9,0.99]
OOBErrorCalculation = LabeledOnly
Normalization = MinMaxNormalization
Aggregation = Average
CalibrateHmcThreshold = No
PruningWhenTuning = No
InternalFolds = 5
WeightScoresFile = NO
PossibleWeights = [0.0,0.1,0.2,0.3,0.4,0.5,0.6,0.7,0.8,0.9,1.0]

[Output]
ShowModels = [Default, Pruned, Others]
TrainErrors = Yes
ValidErrors = Yes
TestErrors = Yes
AllFoldModels = Yes
AllFoldErrors = No
AllFoldDatasets = No
UnknownFrequency = No
BranchFrequency = No
ShowInfo = [Key]
PrintModelAndExamples = Yes
WriteErrorFile = No
WriteModelFile = No
WritePerBagModelFile = Yes
WriteOOBFile = No
WritePredictions = []
GzipOutput = No
ModelIDFiles = No
WriteCurves = No
OutputPythonModel = No
PythonModelType = Object
OutputROSSubspaces = No
OutputJSONModel = No
OutputDatabaseQueries = No
OutputClowdFlowsJSON = No
ComputeSpearman = No

Run: 01
*******

Statistics
----------

FTValue (FTest): 0.05
Induction Time: 1.0000E-3 sec
Pruning Time: 0 sec
Prediction Time (total for ClusModel.Original): 
	0 microsecs
	0 millisecs
	0 secs
Prediction Time (average for ClusModel.Original): 0 microsecs
Model information:
     Default: Nodes = 1; Leaves = 1; Depth = 1
     Original: Nodes = 21; Leaves = 11; Depth = 8
     Pruned: Nodes = 11; Leaves = 6; Depth = 5

Training error
--------------

Number of examples: 40
Mean absolute error (MAE)
   Default        : [6.3250E-2,6.5060E-2,7.1235E-2]: 6.6515E-2
   Original       : [1.4745E-2,1.7020E-2,1.8533E-2]: 1.6766E-2
   Pruned         : [2.0126E-2,2.2837E-2,2.3926E-2]: 2.2297E-2
Mean squared error (MSE)
   Default        : [5.9254E-3,6.2942E-3,7.3418E-3]: 6.5205E-3
   Original       : [6.4847E-4,8.1271E-4,1.0132E-3]: 8.2480E-4
   Pruned         : [1.1961E-3,1.4616E-3,1.6618E-3]: 1.4398E-3
Root mean squared error (RMSE)
   Default        : [7.6976E-2,7.9336E-2,8.5684E-2]: 8.0666E-2
   Original       : [2.5465E-2,2.8508E-2,3.1831E-2]: 2.8601E-2
   Pruned         : [3.4585E-2,3.8231E-2,4.0766E-2]: 3.7860E-2
Weighted root mean squared error (RMSE) (Weights [168.766,158.876,136.206])
   Default        : [1,1.0000E0,1]: 1
   Original       : [3.3082E-1,3.5933E-1,3.7150E-1]: 3.5388E-1
   Pruned         : [4.4929E-1,4.8188E-1,4.7576E-1]: 4.6898E-1
Root Relative Squared Error (RRMSE)
   Default        : [1,1.0000E0,1]: 1
   Original       : [3.3082E-1,3.5933E-1,3.7150E-1]: 3.5388E-1
   Pruned         : [4.4929E-1,4.8188E-1,4.7576E-1]: 4.6898E-1
Pearson correlation coefficient
   Default        : [0,0,1.7391E-8], Avg r^2: 1.0081E-16
   Original       : [9.4369E-1,9.3321E-1,9.2843E-1], Avg r^2: 8.7448E-1
   Pruned         : [8.9339E-1,8.7624E-1,8.7957E-1], Avg r^2: 7.7986E-1

Testing error
-------------

Number of examples: 40
Mean absolute error (MAE)
   Default        : [6.4872E-2,6.6728E-2,7.3062E-2]: 6.8221E-2
   Original       : [5.5444E-2,5.6345E-2,6.2948E-2]: 5.8246E-2
   Pruned         : [5.7377E-2,5.7748E-2,6.3100E-2]: 5.9408E-2
Mean squared error (MSE)
   Default        : [6.2331E-3,6.6211E-3,7.7231E-3]: 6.8591E-3
   Original       : [4.9806E-3,5.2268E-3,6.6006E-3]: 5.6027E-3
   Pruned         : [5.7908E-3,6.1257E-3,7.2183E-3]: 6.3782E-3
Root mean squared error (RMSE)
   Default        : [7.8950E-2,8.1370E-2,8.7881E-2]: 8.2734E-2
   Original       : [7.0574E-2,7.2297E-2,8.1244E-2]: 7.4705E-2
   Pruned         : [7.6097E-2,7.8267E-2,8.4960E-2]: 7.9775E-2
Weighted root mean squared error (RMSE) (Weights [168.766,158.876,136.206])
   Default        : [1.0256,1.0256,1.0256]: 1.0256
   Original       : [9.1682E-1,9.1127E-1,9.4818E-1]: 9.2542E-1
   Pruned         : [9.8858E-1,9.8652E-1,9.9155E-1]: 9.8888E-1
Root Relative Squared Error (RRMSE)
   Default        : [1.0256,1.0256,1.0256]: 1.0256
   Original       : [9.1682E-1,9.1127E-1,9.4818E-1]: 9.2542E-1
   Pruned         : [9.8858E-1,9.8652E-1,9.9155E-1]: 9.8888E-1
Pearson correlation coefficient
   Default        : [-1.0000E0,-1,-1.0000E0], Avg r^2: 1
   Original       : [5.2424E-1,5.3026E-1,4.8782E-1], Avg r^2: 2.6466E-1
   Pruned         : [4.1212E-1,4.1115E-1,3.8979E-1], Avg r^2: 1.6361E-1

Default Model
*************

[8.420000E-2,8.592500E-2,8.445000E-2]

Original Model
**************

LxIxF > 300960.0
+--yes: Maximal entropy of labels > 0.974991387189516
|      +--yes: [1.348000E-1,1.426000E-1,1.230000E-1]
|      +--no:  Mean of mean of numeric attributes > 0.18042420482006385
|             +--yes: Kurtosis cardinality > 0.6536650502933743
|             |      +--yes: [1.010000E-1,9.875000E-2,1.067500E-1]
|             |      +--no:  [5.933333E-2,6.766667E-2,2.866667E-2]
|             +--no:  Density > 0.04654997463216642
|                    +--yes: Cardinality > 1.1611328125
|                    |      +--yes: [5.466667E-2,5.000000E-2,5.733333E-2]
|                    |      +--no:  [3.366667E-2,3.816667E-2,3.116667E-2]
|                    +--no:  Kurtosis cardinality > -0.4939366274885036
|                           +--yes: Ratio of unconditionally dependent label pairs by chi-square test > 0.0270090276750037
|                           |      +--yes: Kurtosis cardinality > 2.430313944122276
|                           |      |      +--yes: [1.600000E-2,1.533333E-2,1.700000E-2]
|                           |      |      +--no:  [2.200000E-2,2.500000E-2,2.450000E-2]
|                           |      +--no:  [1.450000E-2,1.225000E-2,1.325000E-2]
|                           +--no:  [6.500000E-3,6.000000E-3,6.500000E-3]
+--no:  Maximal entropy of labels > 0.9856640314885612
       +--yes: [2.636667E-1,2.713333E-1,2.866667E-1]
       +--no:  [1.584000E-1,1.552000E-1,1.730000E-1]

Pruned Model
************

LxIxF > 300960.0
+--yes: Maximal entropy of labels > 0.974991387189516
|      +--yes: [1.348000E-1,1.426000E-1,1.230000E-1]
|      +--no:  Mean of mean of numeric attributes > 0.18042420482006385
|             +--yes: Kurtosis cardinality > 0.6536650502933743
|             |      +--yes: [1.010000E-1,9.875000E-2,1.067500E-1]
|             |      +--no:  [5.933333E-2,6.766667E-2,2.866667E-2]
|             +--no:  Density > 0.04654997463216642
|                    +--yes: [4.066667E-2,4.211111E-2,3.988889E-2]
|                    +--no:  [1.481818E-2,1.427273E-2,1.509091E-2]
+--no:  [1.978750E-1,1.987500E-1,2.156250E-1]

