Clus run metaDataset
********************

Date: 12/21/19, 4:03 PM
File: descriptive_metaFeatures_not_scaled.out
Attributes: 51 (input: 49, output: 49)
Missing values: No

[General]
Verbose = 1
RandomSeed = 0
ResourceInfoLoaded = No
DoNotInduce = No
LoggingProperties = logging.properties

[Data]
File = /home/matilda/PycharmProjects/MetaLearningForMLC/Meta_learning_MLC/LearningScenarios/UnsupervisedLearningScenario/descriptive_metaFeatures_not_scaled.arff
TestSet = None
PruneSet = None
XVal = 10
RemoveMissingTarget = No
NormalizeData = None

[Attributes]
Target = 2-50
Clustering = 2-50
Descriptive = 2-50
Key = 1
Disable = None
Weights = Normalize
ClusteringWeights = 1.0
ReduceMemoryNominalAttrs = No
GIS = None

[Constraints]
Syntactic = None
MaxSize = Infinity
MaxError = 0.0
MaxDepth = Infinity

[Nominal]
MEstimate = 1.0

[Model]
MinimalWeight = 2.0
MinimalNumberExamples = 0
MinimalKnownWeight = 0.0
ParamTuneNumberFolds = 3
NominalSubsetTests = Yes

[Tree]
Heuristic = VarianceReduction
HeuristicComplexity = N2
SetDistance = GSMDistance
TupleDistance = Euclidean
TSDistance = DTW
PruningMethod = M5
M5PruningMult = 2.0
FTest = 0.1
BinarySplit = Yes
ConvertToRules = No
AlternativeSplits = No
Optimize = []
MSENominal = No
SplitSampling = None
MissingClusteringAttrHandling = EstimateFromParentNode
MissingTargetAttrHandling = ParentNode
InductionOrder = DepthFirst
EntropyType = StandardEntropy
ConsiderUnlableInstancesInIGCalc = No
SpatialMatrix = Binary
SpatialMeasure = GlobalMoran
Bandwidth = 0.001
Longlat = No
NumNeightbours = 0.0
Alpha = 1.0
SplitPosition = Exact

[SemiSupervised]
SemiSupervisedMethod = PCT
StoppingCriteria = NoneAdded
UnlabeledCriteria = Threshold
ConfidenceThreshold = 0.8
ConfidenceMeasure = Variance
Iterations = 10
K = 5
UnlabeledData = 
PercentageLabeled = 5
UseWeights = No
AirbagTrials = 0
ExhaustiveSearchThresholds = [0.5,0.6,0.7,0.8,0.9,0.99]
OOBErrorCalculation = LabeledOnly
Normalization = MinMaxNormalization
Aggregation = Average
CalibrateHmcThreshold = No
PruningWhenTuning = No
InternalFolds = 5
WeightScoresFile = NO
PossibleWeights = [0.0,0.1,0.2,0.3,0.4,0.5,0.6,0.7,0.8,0.9,1.0]

[Output]
ShowModels = [Default, Pruned, Others]
TrainErrors = Yes
ValidErrors = Yes
TestErrors = Yes
AllFoldModels = Yes
AllFoldErrors = No
AllFoldDatasets = No
UnknownFrequency = No
BranchFrequency = No
ShowInfo = [Key]
PrintModelAndExamples = Yes
WriteErrorFile = No
WriteModelFile = No
WritePerBagModelFile = Yes
WriteOOBFile = No
WritePredictions = []
GzipOutput = No
ModelIDFiles = No
WriteCurves = No
OutputPythonModel = No
PythonModelType = Object
OutputROSSubspaces = No
OutputJSONModel = No
OutputDatabaseQueries = No
OutputClowdFlowsJSON = No
ComputeSpearman = No

Run: 01
*******

Statistics
----------

FTValue (FTest): 0.1
Induction Time: 6.0000E-3 sec
Pruning Time: 1.0000E-3 sec
Prediction Time (total for ClusModel.Original): 
	0 microsecs
	0 millisecs
	0 secs
Prediction Time (average for ClusModel.Original): 0 microsecs
Model information:
     Default: Nodes = 1; Leaves = 1; Depth = 1
     Original: Nodes = 11; Leaves = 6; Depth = 6
     Pruned: Nodes = 1; Leaves = 1; Depth = 1

Training error
--------------

Number of examples: 40
Mean absolute error (MAE)
   Default        : [766.5475,2.8098E-2,17.6254,8.6894E-3,4.1762E-1,2.2801,1.0752E-1,1.1366E-1,555.6737,2.3479E-1,1887.3138,12.8145,95.66,229109585.5313,111.9304,498.9503,154.2683,1.3608E-1,17.6254,20.5674,89.6018,89.5334,2.1699E-1,1.6083E-1,42.0932,9.5507,2.8511,836.5241,14.5753,1.5409E-1,548.14,519.07,539.83,554.78,2119.1175,2.2307E-1,1.0752E-1,3.3164E-1,3.2272E-1,2.0544E-1,4.7413,1.5157E-1,2.2108E-1,1.8980E-1,9.8590E-2,2.0145E-1,9.1545E-2,1.7925,26.8253]: 4675900.6028
   Original       : [666.2981,1.0688E-2,9.8262,7.0071E-3,4.0122E-1,1.8972,4.8123E-2,8.6980E-2,361.8648,1.2167E-1,1077.7514,9.1276,46.2273,174747162.2188,48.4572,305.8865,113.61,1.1676E-1,9.8262,8.3413,49.1126,72.9308,1.5488E-1,5.5002E-2,36.3262,5.3202,2.7459,522.1568,9.1556,1.1164E-1,352.5727,329.8871,345.9293,359.3229,1849.4517,8.2280E-2,4.8123E-2,2.8682E-1,3.1994E-1,7.1442E-2,3.7159,6.3082E-2,9.4798E-2,9.1891E-2,5.7075E-2,1.1373E-1,2.9266E-2,1.2094,13.9376]: 3566403.622
   Pruned         : [766.5475,2.8098E-2,17.6254,8.6894E-3,4.1762E-1,2.2801,1.0752E-1,1.1366E-1,555.6737,2.3479E-1,1887.3138,12.8145,95.66,229109585.5313,111.9304,498.9503,154.2683,1.3608E-1,17.6254,20.5674,89.6018,89.5334,2.1699E-1,1.6083E-1,42.0932,9.5507,2.8511,836.5241,14.5753,1.5409E-1,548.14,519.07,539.83,554.78,2119.1175,2.2307E-1,1.0752E-1,3.3164E-1,3.2272E-1,2.0544E-1,4.7413,1.5157E-1,2.2108E-1,1.8980E-1,9.8590E-2,2.0145E-1,9.1545E-2,1.7925,26.8253]: 4675900.6028
Mean squared error (MSE)
   Default        : [2421854.4694,3.1308E-3,1037.3793,1.8580E-4,3.0048E-1,22.106,1.5417E-2,2.1669E-2,1140875.7494,8.1882E-2,6972183.6744,563.3095,28371.0994,265000169537437632,28900.7546,579373.3897,73025.9077,3.0046E-2,1037.3793,835.4202,15616.0946,24965.8682,6.4778E-2,5.4133E-2,4030.5715,331.2103,14.835,1367833.6892,1373.6785,4.2536E-2,1138185.7744,1108068.3975,1129802.7694,1141843.6694,44558124.8475,7.6870E-2,1.5417E-2,1.5967E-1,1.3341E-1,6.8121E-2,65.6184,3.3508E-2,6.8596E-2,5.3711E-2,1.7634E-2,6.5610E-2,1.5358E-2,5.3493,1562.572]: 5408166726513827
   Original       : [2066337.6066,1.0613E-3,472.9097,1.2281E-4,2.4744E-1,15.2685,3.8895E-3,1.4093E-2,749492.3302,3.7070E-2,3090083.5009,337.9877,14323.7323,208363184837550624,9823.6038,326586.6752,36902.6495,2.3107E-2,472.9097,198.0218,7120.294,15509.387,3.8522E-2,7.5837E-3,3330.5599,140.7536,12.8714,693406.3372,849.7246,2.8591E-2,745511.8073,734461.6938,741298.7255,748890.8573,37689436.3186,1.7927E-2,3.8895E-3,1.3753E-1,1.3286E-1,1.8033E-2,41.6371,8.4252E-3,1.5526E-2,1.5354E-2,7.7859E-3,2.1641E-2,2.5403E-3,2.2999,418.7858]: 4252309895616860
   Pruned         : [2421854.4694,3.1308E-3,1037.3793,1.8580E-4,3.0048E-1,22.106,1.5417E-2,2.1669E-2,1140875.7494,8.1882E-2,6972183.6744,563.3095,28371.0994,265000169537437632,28900.7546,579373.3897,73025.9077,3.0046E-2,1037.3793,835.4202,15616.0946,24965.8682,6.4778E-2,5.4133E-2,4030.5715,331.2103,14.835,1367833.6892,1373.6785,4.2536E-2,1138185.7744,1108068.3975,1129802.7694,1141843.6694,44558124.8475,7.6870E-2,1.5417E-2,1.5967E-1,1.3341E-1,6.8121E-2,65.6184,3.3508E-2,6.8596E-2,5.3711E-2,1.7634E-2,6.5610E-2,1.5358E-2,5.3493,1562.572]: 5408166726513827
Root mean squared error (RMSE)
   Default        : [1556.2309,5.5954E-2,32.2084,1.3631E-2,5.4816E-1,4.7017,1.2416E-1,1.4720E-1,1068.1179,2.8615E-1,2640.4893,23.7341,168.4372,514781671.7186,170.0022,761.1658,270.2331,1.7334E-1,32.2084,28.9036,124.9644,158.0059,2.5451E-1,2.3267E-1,63.4868,18.1992,3.8516,1169.5442,37.0632,2.0624E-1,1066.8579,1052.6483,1062.9218,1068.5709,6675.1873,2.7726E-1,1.2416E-1,3.9958E-1,3.6525E-1,2.6100E-1,8.1005,1.8305E-1,2.6191E-1,2.3176E-1,1.3279E-1,2.5614E-1,1.2393E-1,2.3129,39.5294]: 10506142.5317
   Original       : [1437.4761,3.2578E-2,21.7465,1.1082E-2,4.9743E-1,3.9075,6.2366E-2,1.1872E-1,865.7323,1.9254E-1,1757.8633,18.3844,119.6818,456468164.1008,99.1141,571.4776,192.1006,1.5201E-1,21.7465,14.072,84.3818,124.5367,1.9627E-1,8.7085E-2,57.711,11.864,3.5877,832.7102,29.15,1.6909E-1,863.4303,857.0074,860.9871,865.3848,6139.1723,1.3389E-1,6.2366E-2,3.7085E-1,3.6451E-1,1.3429E-1,6.4527,9.1789E-2,1.2460E-1,1.2391E-1,8.8238E-2,1.4711E-1,5.0402E-2,1.5165,20.4643]: 9316000.9994
   Pruned         : [1556.2309,5.5954E-2,32.2084,1.3631E-2,5.4816E-1,4.7017,1.2416E-1,1.4720E-1,1068.1179,2.8615E-1,2640.4893,23.7341,168.4372,514781671.7186,170.0022,761.1658,270.2331,1.7334E-1,32.2084,28.9036,124.9644,158.0059,2.5451E-1,2.3267E-1,63.4868,18.1992,3.8516,1169.5442,37.0632,2.0624E-1,1066.8579,1052.6483,1062.9218,1068.5709,6675.1873,2.7726E-1,1.2416E-1,3.9958E-1,3.6525E-1,2.6100E-1,8.1005,1.8305E-1,2.6191E-1,2.3176E-1,1.3279E-1,2.5614E-1,1.2393E-1,2.3129,39.5294]: 10506142.5317
Weighted root mean squared error (RMSE) (Weights (49))
   Default        : [1,1,1,1,1,1.0000E0,1.0000E0,1.0000E0,1.0000E0,1,1.0000E0,1,1,1.0000E0,1,1.0000E0,1,1.0000E0,1,1,1,1,1,1,1,1,1,1.0000E0,1.0000E0,1.0000E0,1.0000E0,1,1,1,1.0000E0,1.0000E0,1.0000E0,1,1.0000E0,1.0000E0,1,1.0000E0,1,1.0000E0,1.0000E0,1,1,1,1.0000E0]: 1.0000E0
   Original       : [9.2369E-1,5.8222E-1,6.7518E-1,8.1302E-1,9.0745E-1,8.3108E-1,5.0228E-1,8.0648E-1,8.1052E-1,6.7285E-1,6.6573E-1,7.7460E-1,7.1054E-1,8.8672E-1,5.8302E-1,7.5079E-1,7.1087E-1,8.7696E-1,6.7518E-1,4.8686E-1,6.7525E-1,7.8818E-1,7.7115E-1,3.7429E-1,9.0902E-1,6.5190E-1,9.3147E-1,7.1200E-1,7.8650E-1,8.1985E-1,8.0932E-1,8.1414E-1,8.1002E-1,8.0985E-1,9.1970E-1,4.8292E-1,5.0228E-1,9.2810E-1,9.9795E-1,5.1451E-1,7.9658E-1,5.0144E-1,4.7576E-1,5.3467E-1,6.6447E-1,5.7432E-1,4.0671E-1,6.5570E-1,5.1770E-1]: 7.0983E-1
   Pruned         : [1,1,1,1,1,1.0000E0,1.0000E0,1.0000E0,1.0000E0,1,1.0000E0,1,1,1.0000E0,1,1.0000E0,1,1.0000E0,1,1,1,1,1,1,1,1,1,1.0000E0,1.0000E0,1.0000E0,1.0000E0,1,1,1,1.0000E0,1.0000E0,1.0000E0,1,1.0000E0,1.0000E0,1,1.0000E0,1,1.0000E0,1.0000E0,1,1,1,1.0000E0]: 1.0000E0
Root Relative Squared Error (RRMSE)
   Default        : [1,1,1,1,1,1.0000E0,1.0000E0,1,1.0000E0,1,1.0000E0,1,1,1.0000E0,1,1.0000E0,1,1.0000E0,1,1,1,1,1,1,1,1,1,1.0000E0,1.0000E0,1.0000E0,1.0000E0,1,1,1,1,1.0000E0,1.0000E0,1,1.0000E0,1.0000E0,1,1.0000E0,1,1.0000E0,1.0000E0,1,1,1,1.0000E0]: 1.0000E0
   Original       : [9.2369E-1,5.8222E-1,6.7518E-1,8.1302E-1,9.0745E-1,8.3108E-1,5.0228E-1,8.0648E-1,8.1052E-1,6.7285E-1,6.6573E-1,7.7460E-1,7.1054E-1,8.8672E-1,5.8302E-1,7.5079E-1,7.1087E-1,8.7696E-1,6.7518E-1,4.8686E-1,6.7525E-1,7.8818E-1,7.7115E-1,3.7429E-1,9.0902E-1,6.5190E-1,9.3147E-1,7.1200E-1,7.8650E-1,8.1985E-1,8.0932E-1,8.1414E-1,8.1002E-1,8.0985E-1,9.1970E-1,4.8292E-1,5.0228E-1,9.2810E-1,9.9795E-1,5.1451E-1,7.9658E-1,5.0144E-1,4.7576E-1,5.3467E-1,6.6447E-1,5.7432E-1,4.0671E-1,6.5570E-1,5.1770E-1]: 7.0983E-1
   Pruned         : [1,1,1,1,1,1.0000E0,1.0000E0,1,1.0000E0,1,1.0000E0,1,1,1.0000E0,1,1.0000E0,1,1.0000E0,1,1,1,1,1,1,1,1,1,1.0000E0,1.0000E0,1.0000E0,1.0000E0,1,1,1,1,1.0000E0,1.0000E0,1,1.0000E0,1.0000E0,1,1.0000E0,1,1.0000E0,1.0000E0,1,1,1,1.0000E0]: 1.0000E0
Pearson correlation coefficient
   Default        : [-1.7540E-8,2.3539E-9,9.9814E-9,1.4981E-8,-8.5963E-9,0,0,3.9206E-8,0,6.2241E-9,1.1558E-8,2.2462E-9,1.7543E-8,0,0,0,0,0,9.9814E-9,0,9.6533E-9,1.0797E-8,-5.5823E-9,0,9.3160E-9,1.0357E-8,0,2.9173E-8,0,1.0838E-8,5.2226E-9,0,6.8632E-9,1.1061E-8,0,0,0,1.1441E-8,0,1.9149E-8,0,4.6570E-8,0,0,1.7384E-7,-4.9167E-9,9.5060E-9,4.0747E-8,0], Avg r^2: 7.9784E-16
   Original       : [3.8314E-1,8.1303E-1,7.3765E-1,5.8223E-1,4.2017E-1,5.5615E-1,8.6470E-1,5.9126E-1,5.8571E-1,7.3978E-1,7.4619E-1,6.3245E-1,7.0365E-1,4.6230E-1,8.1246E-1,6.6054E-1,7.0332E-1,4.8057E-1,7.3765E-1,8.7348E-1,7.3759E-1,6.1545E-1,6.3665E-1,9.2731E-1,4.1674E-1,7.5831E-1,3.6382E-1,7.0218E-1,6.1760E-1,5.7258E-1,5.8737E-1,5.8066E-1,5.8640E-1,5.8663E-1,3.9262E-1,8.7566E-1,8.6470E-1,3.7232E-1,6.3953E-2,8.5749E-1,6.0454E-1,8.6519E-1,8.7958E-1,8.4506E-1,7.4732E-1,8.1863E-1,9.1356E-1,7.5502E-1,8.5556E-1], Avg r^2: 4.7173E-1
   Pruned         : [-1.7540E-8,2.3539E-9,9.9814E-9,1.4981E-8,-8.5963E-9,0,0,3.9206E-8,0,6.2241E-9,1.1558E-8,2.2462E-9,1.7543E-8,0,0,0,0,0,9.9814E-9,0,9.6533E-9,1.0797E-8,-5.5823E-9,0,9.3160E-9,1.0357E-8,0,2.9173E-8,0,1.0838E-8,5.2226E-9,0,6.8632E-9,1.1061E-8,0,0,0,1.1441E-8,0,1.9149E-8,0,4.6570E-8,0,0,1.7384E-7,-4.9167E-9,9.5060E-9,4.0747E-8,0], Avg r^2: 7.9784E-16

Default Model
*************

[964.075,1.629995E-2,18.418755,6.979525E-3,9.499691E-1,2.888915,1.838607E-1,1.465722E-1,434.725,3.127076E-1,1750.975,9.38797,76.725,161752391.475,98.846433,422.920062,167.691667,8.408159E-1,18.418755,20.336572,83.050351,91.531359,4.147103E-1,1.093917E-1,31.435377,5.946401,2.588074,750.927583,8.738515,1.511131E-1,419.025,385.95,408.925,429.675,1275.55,2.493081E-1,1.838607E-1,7.766290E-1,4.940212E-1,1.752319E-1,4.689703,7.908863E-1,5.669254E-1,7.024826E-1,9.174860E-1,2.571589E-1,8.362540E-2,2.07672,28.831519]
ExampleIDs: index: medical,birds,proteins_plant,emotions,enron,foodtruck,delicious,scene,HumanPseAAC,ABPM,corel5k,yeast,HumanGO,GpositivePseAAC,cal500,stackex_cs,ohsumed,Virus_PseAAC,ng20,Arabic200,genbase,stackex_chess,GpositiveGO,PlantGO,GnegativeGO,bibtex,slashdot,tmc2007_500,langlog,stackex_philosophy,reutersk500,proteins_human,Water_quality,PlantPseAAC,Yelp,CHD_49,flags,proteins_virus,VirusGO,GnegativePseACC


Original Model
**************

SCUMBLE > 0.19431400000000001
+--yes: [590,0,1.420789,1.220143E-3,1.071313,8.45972,3.021457E-2,3.884043E-2,1752.571429,7.320021E-1,2202.857143,3.706777E-1,331.142857,663923221.142857,392.795918,1409.612245,36.857143,8.627586E-1,1.420789,74.06626,267.435244,32.790957,1.549870E-1,9.872057E-2,80.78252,-5.392657E-2,4.920278,1061.844468,1.679379E-1,5.024714E-3,1744.571429,1687.714286,1730.571429,1752,6964,7.320021E-1,3.021457E-2,5.714286E-1,4.747899E-1,6.327206E-1,4.284364,9.927744E-1,9.453101E-1,9.802451E-1,9.992733E-1,5.733729E-2,3.256669E-1,6.243751E-1,1.97594]
|      ExampleIDs: index: enron,delicious,corel5k,cal500,stackex_cs,stackex_chess,stackex_philosophy

+--no:  Standard deviation of examples per labelset > 49.132195
       +--yes: [534.2,3.626000E-4,78.993769,8.693600E-3,5.174080E-1,1.436114,1.345134E-1,1.370312E-1,248.8,2.669530E-1,6498.4,24.901728,18.6,73141203,16.04485,49.903262,656.133333,7.342902E-1,78.993769,6.524706,22.622838,335.947761,4.626170E-1,9.055180E-2,42.264551,7.460400E-2,3.613921,2662.622629,1.123790E-1,2.901036E-1,199,147.2,182.4,226,119.2,2.791480E-2,1.345134E-1,6.000000E-1,4.843164E-1,1.093720E-2,16.59621,5.695852E-1,3.596750E-1,4.647942E-1,7.008610E-1,7.007550E-1,5.076720E-2,2.671779,115.491473]
       |      ExampleIDs: index: scene,ng20,Arabic200,tmc2007_500,Yelp

       +--no:  Mean of entropies of nominal attributes > 0.183851
              +--yes: [85,1.527168E-1,3.683489,2.546500E-2,1.131548,2.661892,3.189982E-1,3.484908E-1,45.5,3.028807E-1,156.75,-4.824765E-1,11,378081,16.808333,84.683333,57,8.590765E-1,3.683489,3.453113,15.218734,38.985219,5.545560E-1,7.457090E-1,21.027562,47.132037,2.293919,57.004779,77.319641,2.057672E-1,44,33.75,41,45.25,8.25,2.897635E-1,3.189982E-1,7.662903E-1,4.466535E-1,1.401050E-1,3.643423,9.503300E-1,6.905263E-1,8.479473E-1,9.966215E-1,1.503947E-1,4.400750E-2,4.261760E-1,7.741739]
              |      ExampleIDs: index: birds,foodtruck,ABPM,flags

              +--no:  Distinct labelsets > 54.0
                     +--yes: [873.625,7.000000E-6,6.436598,4.181250E-3,1.253815,2.306529,9.226500E-2,1.078775E-1,416.5,2.850802E-1,1950.5,2.956921,56.875,156782052.25,88.774214,629.276681,169.5,7.230147E-1,6.436598,18.234448,112.709618,114.034319,3.315567E-1,2.974825E-2,36.057257,4.095810E-1,2.958613,854.120376,1.936019E-1,1.134649E-1,389.75,325.875,368.875,410.125,185.25,2.850802E-1,9.226500E-2,7.500000E-1,4.914876E-1,2.074204E-1,5.777663,9.005949E-1,7.114382E-1,8.377599E-1,9.758282E-1,1.985376E-1,5.868150E-2,1.291079,17.47917]
                     |      ExampleIDs: index: medical,yeast,ohsumed,bibtex,slashdot,langlog,reutersk500,Water_quality

                     +--no:  Max IR intra class > 20.375
                            +--yes: [1769.923077,3.020154E-3,15.181468,2.305538E-3,8.324281E-1,1.24655,2.770361E-1,1.413906E-1,25.153846,1.101815E-1,406.461538,4.746781,11.153846,15393611.230769,25.30025,106.405678,109.692308,9.083078E-1,15.181468,7.338446,27.564089,48.389744,4.592547E-1,8.493077E-4,7.238435,3.311129,1.135573,160.994035,2.749024,1.134282E-1,18.384615,10.461538,15.461538,23,11.153846,8.538269E-2,2.770361E-1,9.230769E-1,5.197302E-1,2.115100E-2,7.304149E-1,7.082328E-1,3.762458E-1,5.919040E-1,9.287520E-1,1.839492E-1,1.161138E-2,2.367791,25.164988]
                            |      ExampleIDs: index: proteins_plant,HumanPseAAC,HumanGO,Virus_PseAAC,genbase,PlantGO,GnegativeGO,proteins_human,PlantPseAAC,CHD_49,proteins_virus,VirusGO,GnegativePseACC

                            +--no:  [474.666667,0,22.75,2.063000E-2,8.447510E-1,1.284341,2.849253E-1,2.702620E-1,12,3.750000E-1,204,54.993938,4.666667,347136,5.910448,14.593284,53,9.644840E-1,22.75,2.429233,5.322697,18.232256,7.831433E-1,0,4.648915,1.003682,1.134787,45.724768,4.128167E-1,4.511593E-1,7,3.333333,5,10.666667,6,5.302167E-2,2.849253E-1,1,5.135767E-1,1.026633E-2,1.442045,5.416667E-1,3.055553E-1,3.749997E-1,7.777780E-1,6.000000E-1,5.027333E-3,7.508226,21.342218]
                                   ExampleIDs: index: emotions,GpositivePseAAC,GpositiveGO


Pruned Model
************

[964.075,1.629995E-2,18.418755,6.979525E-3,9.499691E-1,2.888915,1.838607E-1,1.465722E-1,434.725,3.127076E-1,1750.975,9.38797,76.725,161752391.475,98.846433,422.920062,167.691667,8.408159E-1,18.418755,20.336572,83.050351,91.531359,4.147103E-1,1.093917E-1,31.435377,5.946401,2.588074,750.927583,8.738515,1.511131E-1,419.025,385.95,408.925,429.675,1275.55,2.493081E-1,1.838607E-1,7.766290E-1,4.940212E-1,1.752319E-1,4.689703,7.908863E-1,5.669254E-1,7.024826E-1,9.174860E-1,2.571589E-1,8.362540E-2,2.07672,28.831519]
ExampleIDs: index: medical,birds,proteins_plant,emotions,enron,foodtruck,delicious,scene,HumanPseAAC,ABPM,corel5k,yeast,HumanGO,GpositivePseAAC,cal500,stackex_cs,ohsumed,Virus_PseAAC,ng20,Arabic200,genbase,stackex_chess,GpositiveGO,PlantGO,GnegativeGO,bibtex,slashdot,tmc2007_500,langlog,stackex_philosophy,reutersk500,proteins_human,Water_quality,PlantPseAAC,Yelp,CHD_49,flags,proteins_virus,VirusGO,GnegativePseACC


