Clus run metaDataset
********************

Date: 4/12/20 3:04 PM
File: MLC_metaFeatures_unsupervised.out
Attributes: 52 (input: 50, output: 50)
Missing values: No

[General]
Verbose = 1
RandomSeed = 0
ResourceInfoLoaded = No
DoNotInduce = No
LoggingProperties = logging.properties

[Data]
File = /home/matilda/PycharmProjects/MetaLearningForMLC/Meta_learning_MLC/LearningScenarios/UnsupervisedLearningScenario/descriptive_metaFeatures.arff
TestSet = None
PruneSet = None
XVal = 10
RemoveMissingTarget = No
NormalizeData = None

[Attributes]
Target = 2-51
Clustering = 2-51
Descriptive = 2-51
Key = 1
Disable = None
Weights = Normalize
ClusteringWeights = 1.0
ReduceMemoryNominalAttrs = No
GIS = None

[Constraints]
Syntactic = None
MaxSize = Infinity
MaxError = 0.0
MaxDepth = Infinity

[Nominal]
MEstimate = 1.0

[Model]
MinimalWeight = 2.0
MinimalNumberExamples = 0
MinimalKnownWeight = 0.0
ParamTuneNumberFolds = 3
NominalSubsetTests = Yes

[Tree]
Heuristic = VarianceReduction
HeuristicComplexity = N2
SetDistance = GSMDistance
TupleDistance = Euclidean
TSDistance = DTW
PruningMethod = M5
M5PruningMult = 2.0
FTest = 0.1
BinarySplit = Yes
ConvertToRules = No
AlternativeSplits = No
Optimize = []
MSENominal = No
SplitSampling = None
MissingClusteringAttrHandling = EstimateFromParentNode
MissingTargetAttrHandling = ParentNode
InductionOrder = DepthFirst
EntropyType = StandardEntropy
ConsiderUnlableInstancesInIGCalc = No
SpatialMatrix = Binary
SpatialMeasure = GlobalMoran
Bandwidth = 0.001
Longlat = No
NumNeightbours = 0.0
Alpha = 1.0
SplitPosition = Exact

[SemiSupervised]
SemiSupervisedMethod = PCT
StoppingCriteria = NoneAdded
UnlabeledCriteria = Threshold
ConfidenceThreshold = 0.8
ConfidenceMeasure = Variance
Iterations = 10
K = 5
UnlabeledData = 
PercentageLabeled = 5
UseWeights = No
AirbagTrials = 0
ExhaustiveSearchThresholds = [0.5,0.6,0.7,0.8,0.9,0.99]
OOBErrorCalculation = LabeledOnly
Normalization = MinMaxNormalization
Aggregation = Average
CalibrateHmcThreshold = No
PruningWhenTuning = No
InternalFolds = 5
WeightScoresFile = NO
PossibleWeights = [0.0,0.1,0.2,0.3,0.4,0.5,0.6,0.7,0.8,0.9,1.0]

[Output]
ShowModels = [Default, Pruned, Others]
TrainErrors = Yes
ValidErrors = Yes
TestErrors = Yes
AllFoldModels = Yes
AllFoldErrors = No
AllFoldDatasets = No
UnknownFrequency = No
BranchFrequency = No
ShowInfo = [Key]
PrintModelAndExamples = Yes
WriteErrorFile = No
WriteModelFile = No
WritePerBagModelFile = Yes
WriteOOBFile = No
WritePredictions = []
GzipOutput = No
ModelIDFiles = No
WriteCurves = No
OutputPythonModel = No
PythonModelType = Object
OutputROSSubspaces = No
OutputJSONModel = No
OutputDatabaseQueries = No
OutputClowdFlowsJSON = No
ComputeSpearman = No

Run: 01
*******

Statistics
----------

FTValue (FTest): 0.1
Induction Time: 2.1000E-2 sec
Pruning Time: 0 sec
Prediction Time (total for ClusModel.Original): 
	0 microsecs
	0 millisecs
	0 secs
Prediction Time (average for ClusModel.Original): 0 microsecs
Model information:
     Default: Nodes = 1; Leaves = 1; Depth = 1
     Original: Nodes = 13; Leaves = 7; Depth = 7
     Pruned: Nodes = 1; Leaves = 1; Depth = 1

Training error
--------------

Number of examples: 40
Mean absolute error (MAE)
   Default        : [7.7996E-2,1.0438E-1,1.0065E-1,1.6408E-1,1.6297E-1,1.8126E-1,9.0277E-2,1.0752E-1,1.7345E-1,8.7274E-2,2.3613E-1,1.6555E-1,1.1848E-1,9.7712E-2,7.2047E-2,1.2564E-1,1.3438E-1,1.0824E-1,1.9640E-1,1.0065E-1,1.6582E-1,1.7067E-1,89.5334,2.5867E-1,1.6237E-1,1.6074E-1,1.0196E-1,1.9330E-1,1.7962E-1,6.2646E-2,1.9063E-1,8.6050E-2,8.1563E-2,8.4786E-2,8.7106E-2,4.9427E-2,2.2778E-1,2.3150E-1,3.3164E-1,3.2272E-1,2.1079E-1,1.0841E-1,2.1088E-1,2.2108E-1,2.0944E-1,1.9718E-1,2.0469E-1,1.7245E-1,1.8877E-1,1.4525E-1]: 1.9431
   Original       : [6.5550E-2,3.9354E-2,6.6720E-2,1.2896E-1,6.2067E-2,1.5564E-1,7.2012E-2,4.8083E-2,1.1123E-1,5.3611E-2,1.1608E-1,7.2921E-2,9.7971E-2,4.6241E-2,5.3052E-2,5.8650E-2,8.3050E-2,6.0085E-2,1.4440E-1,6.6720E-2,7.1140E-2,9.5837E-2,51.9307,1.5329E-1,6.0437E-2,1.2969E-1,5.5978E-2,1.7064E-1,7.1864E-2,3.9169E-2,1.4357E-1,5.2566E-2,4.9542E-2,5.1656E-2,5.3434E-2,4.2878E-2,7.8204E-2,1.0353E-1,3.0535E-1,3.0176E-1,6.9563E-2,6.8516E-2,9.0798E-2,8.4402E-2,9.3449E-2,9.9253E-2,1.0855E-1,5.5305E-2,1.2387E-1,8.3279E-2]: 1.1288
   Pruned         : [7.7996E-2,1.0438E-1,1.0065E-1,1.6408E-1,1.6297E-1,1.8126E-1,9.0277E-2,1.0752E-1,1.7345E-1,8.7274E-2,2.3613E-1,1.6555E-1,1.1848E-1,9.7712E-2,7.2047E-2,1.2564E-1,1.3438E-1,1.0824E-1,1.9640E-1,1.0065E-1,1.6582E-1,1.7067E-1,89.5334,2.5867E-1,1.6237E-1,1.6074E-1,1.0196E-1,1.9330E-1,1.7962E-1,6.2646E-2,1.9063E-1,8.6050E-2,8.1563E-2,8.4786E-2,8.7106E-2,4.9427E-2,2.2778E-1,2.3150E-1,3.3164E-1,3.2272E-1,2.1079E-1,1.0841E-1,2.1088E-1,2.2108E-1,2.0944E-1,1.9718E-1,2.0469E-1,1.7245E-1,1.8877E-1,1.4525E-1]: 1.9431
Mean squared error (MSE)
   Default        : [2.5074E-2,4.3209E-2,3.3827E-2,6.6248E-2,5.4060E-2,5.6604E-2,3.4656E-2,1.5417E-2,5.0465E-2,2.8143E-2,8.2820E-2,5.3649E-2,4.8158E-2,2.9601E-2,2.6206E-2,3.6416E-2,4.2026E-2,3.5961E-2,6.2588E-2,3.3827E-2,5.4300E-2,5.6657E-2,24965.8682,9.2055E-2,5.5174E-2,5.8774E-2,3.7747E-2,6.8191E-2,6.3066E-2,2.5377E-2,6.5100E-2,2.8050E-2,2.7359E-2,2.7870E-2,2.8149E-2,2.4240E-2,8.0149E-2,7.1474E-2,1.5967E-1,1.3341E-1,7.1710E-2,3.4306E-2,6.4862E-2,6.8596E-2,6.5399E-2,7.0538E-2,6.7732E-2,5.4496E-2,5.9330E-2,4.5812E-2]: 499.3697
   Original       : [2.0114E-2,1.4640E-2,1.9489E-2,4.3554E-2,1.0774E-2,3.4816E-2,2.3730E-2,3.9425E-3,2.4773E-2,1.8221E-2,3.2844E-2,1.2548E-2,3.3692E-2,1.4890E-2,2.0433E-2,1.2688E-2,2.3177E-2,9.5092E-3,3.9297E-2,1.9489E-2,1.3784E-2,2.5684E-2,8146.0518,4.2649E-2,8.2375E-3,4.5579E-2,1.5969E-2,5.3943E-2,1.3618E-2,1.5692E-2,4.7027E-2,1.8146E-2,1.7971E-2,1.8080E-2,1.8210E-2,2.0502E-2,1.7328E-2,1.8278E-2,1.4679E-1,1.2371E-1,1.7565E-2,1.4875E-2,1.5339E-2,1.0872E-2,1.4365E-2,2.8486E-2,2.0990E-2,8.7071E-3,2.8515E-2,1.8937E-2]: 162.9469
   Pruned         : [2.5074E-2,4.3209E-2,3.3827E-2,6.6248E-2,5.4060E-2,5.6604E-2,3.4656E-2,1.5417E-2,5.0465E-2,2.8143E-2,8.2820E-2,5.3649E-2,4.8158E-2,2.9601E-2,2.6206E-2,3.6416E-2,4.2026E-2,3.5961E-2,6.2588E-2,3.3827E-2,5.4300E-2,5.6657E-2,24965.8682,9.2055E-2,5.5174E-2,5.8774E-2,3.7747E-2,6.8191E-2,6.3066E-2,2.5377E-2,6.5100E-2,2.8050E-2,2.7359E-2,2.7870E-2,2.8149E-2,2.4240E-2,8.0149E-2,7.1474E-2,1.5967E-1,1.3341E-1,7.1710E-2,3.4306E-2,6.4862E-2,6.8596E-2,6.5399E-2,7.0538E-2,6.7732E-2,5.4496E-2,5.9330E-2,4.5812E-2]: 499.3697
Root mean squared error (RMSE)
   Default        : [1.5835E-1,2.0787E-1,1.8392E-1,2.5739E-1,2.3251E-1,2.3792E-1,1.8616E-1,1.2416E-1,2.2464E-1,1.6776E-1,2.8778E-1,2.3162E-1,2.1945E-1,1.7205E-1,1.6188E-1,1.9083E-1,2.0500E-1,1.8963E-1,2.5018E-1,1.8392E-1,2.3302E-1,2.3803E-1,158.0059,3.0341E-1,2.3489E-1,2.4243E-1,1.9429E-1,2.6113E-1,2.5113E-1,1.5930E-1,2.5515E-1,1.6748E-1,1.6541E-1,1.6694E-1,1.6778E-1,1.5569E-1,2.8311E-1,2.6735E-1,3.9958E-1,3.6525E-1,2.6779E-1,1.8522E-1,2.5468E-1,2.6191E-1,2.5573E-1,2.6559E-1,2.6025E-1,2.3344E-1,2.4358E-1,2.1404E-1]: 3.3807
   Original       : [1.4182E-1,1.2099E-1,1.3960E-1,2.0870E-1,1.0380E-1,1.8659E-1,1.5404E-1,6.2789E-2,1.5740E-1,1.3498E-1,1.8123E-1,1.1202E-1,1.8355E-1,1.2203E-1,1.4294E-1,1.1264E-1,1.5224E-1,9.7515E-2,1.9823E-1,1.3960E-1,1.1741E-1,1.6026E-1,90.2555,2.0652E-1,9.0761E-2,2.1349E-1,1.2637E-1,2.3226E-1,1.1669E-1,1.2527E-1,2.1686E-1,1.3471E-1,1.3406E-1,1.3446E-1,1.3495E-1,1.4319E-1,1.3163E-1,1.3520E-1,3.8314E-1,3.5173E-1,1.3253E-1,1.2196E-1,1.2385E-1,1.0427E-1,1.1985E-1,1.6878E-1,1.4488E-1,9.3312E-2,1.6886E-1,1.3761E-1]: 1.9543
   Pruned         : [1.5835E-1,2.0787E-1,1.8392E-1,2.5739E-1,2.3251E-1,2.3792E-1,1.8616E-1,1.2416E-1,2.2464E-1,1.6776E-1,2.8778E-1,2.3162E-1,2.1945E-1,1.7205E-1,1.6188E-1,1.9083E-1,2.0500E-1,1.8963E-1,2.5018E-1,1.8392E-1,2.3302E-1,2.3803E-1,158.0059,3.0341E-1,2.3489E-1,2.4243E-1,1.9429E-1,2.6113E-1,2.5113E-1,1.5930E-1,2.5515E-1,1.6748E-1,1.6541E-1,1.6694E-1,1.6778E-1,1.5569E-1,2.8311E-1,2.6735E-1,3.9958E-1,3.6525E-1,2.6779E-1,1.8522E-1,2.5468E-1,2.6191E-1,2.5573E-1,2.6559E-1,2.6025E-1,2.3344E-1,2.4358E-1,2.1404E-1]: 3.3807
Weighted root mean squared error (RMSE) (Weights (50))
   Default        : [1,1.0000E0,1,1.0000E0,1.0000E0,1,1.0000E0,1.0000E0,1.0000E0,1,1,1,1,1,1.0000E0,1,1,1.0000E0,1,1,1,1,1,1,1.0000E0,1,1,1.0000E0,1,1,1,1,1.0000E0,1,1,1,1.0000E0,1,1,1.0000E0,1,1.0000E0,1.0000E0,1,1,1,1.0000E0,1,1,1.0000E0]: 1
   Original       : [8.9565E-1,5.8207E-1,7.5905E-1,8.1082E-1,4.4643E-1,7.8427E-1,8.2749E-1,5.0569E-1,7.0065E-1,8.0464E-1,6.2974E-1,4.8362E-1,8.3643E-1,7.0924E-1,8.8301E-1,5.9026E-1,7.4263E-1,5.1423E-1,7.9238E-1,7.5905E-1,5.0384E-1,6.7329E-1,5.7122E-1,6.8066E-1,3.8639E-1,8.8062E-1,6.5043E-1,8.8941E-1,4.6468E-1,7.8636E-1,8.4993E-1,8.0430E-1,8.1046E-1,8.0544E-1,8.0432E-1,9.1967E-1,4.6496E-1,5.0569E-1,9.5884E-1,9.6297E-1,4.9491E-1,6.5847E-1,4.8630E-1,3.9811E-1,4.6866E-1,6.3548E-1,5.5668E-1,3.9972E-1,6.9327E-1,6.4292E-1]: 6.7731E-1
   Pruned         : [1,1.0000E0,1,1.0000E0,1.0000E0,1,1.0000E0,1.0000E0,1.0000E0,1,1,1,1,1,1.0000E0,1,1,1.0000E0,1,1,1,1,1,1,1.0000E0,1,1,1.0000E0,1,1,1,1,1.0000E0,1,1,1,1.0000E0,1,1,1.0000E0,1,1.0000E0,1.0000E0,1,1,1,1.0000E0,1,1,1.0000E0]: 1
Root Relative Squared Error (RRMSE)
   Default        : [1,1.0000E0,1,1.0000E0,1.0000E0,1,1.0000E0,1.0000E0,1.0000E0,1,1,1,1,1,1.0000E0,1,1,1.0000E0,1,1,1,1,1,1,1.0000E0,1,1,1.0000E0,1,1,1,1,1.0000E0,1,1,1,1.0000E0,1,1,1.0000E0,1,1.0000E0,1.0000E0,1,1,1,1.0000E0,1,1.0000E0,1.0000E0]: 1
   Original       : [8.9565E-1,5.8207E-1,7.5905E-1,8.1082E-1,4.4643E-1,7.8427E-1,8.2749E-1,5.0569E-1,7.0065E-1,8.0464E-1,6.2974E-1,4.8362E-1,8.3643E-1,7.0924E-1,8.8301E-1,5.9026E-1,7.4263E-1,5.1423E-1,7.9238E-1,7.5905E-1,5.0384E-1,6.7329E-1,5.7122E-1,6.8066E-1,3.8639E-1,8.8062E-1,6.5043E-1,8.8941E-1,4.6468E-1,7.8636E-1,8.4993E-1,8.0430E-1,8.1046E-1,8.0544E-1,8.0432E-1,9.1967E-1,4.6496E-1,5.0569E-1,9.5884E-1,9.6297E-1,4.9491E-1,6.5847E-1,4.8630E-1,3.9811E-1,4.6866E-1,6.3548E-1,5.5668E-1,3.9972E-1,6.9327E-1,6.4292E-1]: 6.7731E-1
   Pruned         : [1,1.0000E0,1,1.0000E0,1.0000E0,1,1.0000E0,1.0000E0,1.0000E0,1,1,1,1,1,1.0000E0,1,1,1.0000E0,1,1,1,1,1,1,1.0000E0,1,1,1.0000E0,1,1,1,1,1.0000E0,1,1,1,1.0000E0,1,1,1.0000E0,1,1.0000E0,1.0000E0,1,1,1,1.0000E0,1,1.0000E0,1.0000E0]: 1
Pearson correlation coefficient
   Default        : [0,0,0,0,-5.4165E-9,3.2959E-8,1.2787E-8,0,0,0,0,1.0789E-8,6.5099E-9,0,8.4553E-9,-1.4000E-8,0,8.7853E-9,0,0,0,6.4229E-9,1.0797E-8,0,4.4858E-9,0,-2.4754E-9,0,0,0,0,-1.4068E-8,0,0,0,8.0254E-9,0,2.9331E-8,1.1441E-8,0,-3.3254E-9,0,0,0,0,0,0,0,0,1.2500E-8], Avg r^2: 6.7750E-17
   Original       : [4.4476E-1,8.1314E-1,6.5104E-1,5.8529E-1,8.9482E-1,6.2043E-1,5.6149E-1,8.6271E-1,7.1351E-1,5.9377E-1,7.7680E-1,8.7528E-1,5.4807E-1,7.0496E-1,4.6935E-1,8.0721E-1,6.6970E-1,8.5765E-1,6.1003E-1,6.5104E-1,8.6380E-1,7.3938E-1,8.2080E-1,7.3260E-1,9.2233E-1,4.7383E-1,7.5957E-1,4.5710E-1,8.8548E-1,6.1776E-1,5.2690E-1,5.9422E-1,5.8579E-1,5.9268E-1,5.9420E-1,3.9269E-1,8.8533E-1,8.6271E-1,2.8394E-1,2.6963E-1,8.6894E-1,7.5261E-1,8.7379E-1,9.1734E-1,8.8338E-1,7.7212E-1,8.3073E-1,9.1664E-1,7.2068E-1,7.6593E-1], Avg r^2: 5.1469E-1
   Pruned         : [0,0,0,0,-5.4165E-9,3.2959E-8,1.2787E-8,0,0,0,0,1.0789E-8,6.5099E-9,0,8.4553E-9,-1.4000E-8,0,8.7853E-9,0,0,0,6.4229E-9,1.0797E-8,0,4.4858E-9,0,-2.4754E-9,0,0,0,0,-1.4068E-8,0,0,0,8.0254E-9,0,2.9331E-8,1.1441E-8,0,-3.3254E-9,0,0,0,0,0,0,0,0,1.2500E-8], Avg r^2: 6.7750E-17

Default Model
*************

[9.646677E-2,6.055385E-2,9.937990E-2,1.317929E-1,1.395772E-1,3.941135E-1,7.615537E-2,1.838607E-1,2.094328E-1,6.733548E-2,3.087833E-1,1.481557E-1,1.054245E-1,7.428510E-2,5.086102E-2,1.096745E-1,1.130875E-1,1.162632E-1,7.702521E-1,9.937990E-2,1.554734E-1,1.541079E-1,91.531359,4.217884E-1,1.104384E-1,1.234881E-1,6.901645E-2,1.996937E-1,1.571989E-1,3.755883E-2,1.869448E-1,6.531010E-2,6.064580E-2,6.391150E-2,6.683538E-2,2.975120E-2,2.487728E-1,3.935506E-1,7.766290E-1,4.940212E-1,1.797891E-1,1.063090E-1,7.090592E-1,5.669254E-1,6.717051E-1,8.349721E-1,2.612843E-1,1.575203E-1,2.187081E-1,1.550630E-1]
ExampleIDs: index: medical,birds,proteins_plant,emotions,enron,foodtruck,delicious,scene,HumanPseAAC,ABPM,corel5k,yeast,HumanGO,GpositivePseAAC,cal500,stackex_cs,ohsumed,Virus_PseAAC,ng20,Arabic200,genbase,stackex_chess,GpositiveGO,PlantGO,GnegativeGO,bibtex,slashdot,tmc2007_500,langlog,stackex_philosophy,reutersk500,proteins_human,Water_quality,PlantPseAAC,Yelp,CHD_49,flags,proteins_virus,VirusGO,GnegativePseACC


Original Model
**************

SCUMBLE > 0.366029
+--yes: [5.840457E-2,0,2.315857E-3,2.303857E-2,1.910586E-1,4.467800E-1,2.967269E-1,3.021457E-2,4.502514E-2,2.743163E-1,7.304716E-1,1.877944E-1,2.204986E-2,3.341603E-1,2.087769E-1,4.396367E-1,3.788294E-1,2.446129E-2,8.019213E-1,2.315857E-3,5.886486E-1,5.053177E-1,32.790957,1.121729E-1,9.966514E-2,3.119280E-1,4.959571E-3,3.578131E-1,2.239604E-1,7.217143E-4,6.216286E-3,2.734021E-1,2.651971E-1,2.714891E-1,2.744544E-1,1.624296E-1,7.416544E-1,6.272714E-2,5.714286E-1,4.747899E-1,6.491759E-1,9.704071E-2,9.899471E-1,9.453101E-1,9.782014E-1,9.985467E-1,5.825700E-2,6.134637E-1,6.575571E-2,9.649286E-3]
|      ExampleIDs: index: enron,delicious,corel5k,cal500,stackex_cs,stackex_chess,stackex_philosophy

+--no:  Bound > 0.48715699999999995
       +--yes: [5.623400E-2,2.245000E-3,4.034267E-1,2.325467E-2,8.130643E-1,2.010463E-1,2.107567E-2,1.025417E-1,7.898700E-2,6.177667E-2,3.318300E-2,8.123100E-1,3.638047E-1,2.383367E-2,3.689833E-2,2.521667E-2,1.996867E-2,6.736843E-1,4.892850E-1,4.034267E-1,6.784367E-2,6.206467E-2,530.284326,2.605170E-1,6.541733E-2,2.618270E-1,5.773667E-3,3.942593E-1,8.731273E-1,5.450000E-4,1.812273E-1,5.075867E-2,3.839300E-2,4.706533E-2,5.709933E-2,4.478333E-3,3.369067E-2,2.184577E-1,6.666667E-1,6.201193E-1,1.763433E-2,5.661550E-1,5.671537E-1,5.280297E-1,6.117730E-1,5.594170E-1,6.673510E-1,1.380523E-1,2.723233E-1,6.285777E-1]
       |      ExampleIDs: index: ng20,Arabic200,tmc2007_500

       +--no:  Mean of entropies of nominal attributes > 0.26084
              +--yes: [7.020750E-3,5.673377E-1,1.523650E-2,4.808545E-1,1.192550E-2,4.729233E-1,6.716650E-2,3.189982E-1,5.175775E-1,6.204000E-3,2.989007E-1,8.311500E-3,1.416125E-2,7.150250E-3,1.142500E-4,1.758575E-2,2.199150E-2,3.859625E-2,7.966072E-1,1.523650E-2,1.935675E-2,2.490450E-2,38.985219,5.884983E-1,7.528445E-1,8.374425E-2,5.086950E-1,1.797505E-1,8.196500E-3,3.323262E-1,2.545588E-1,6.436500E-3,5.303250E-3,6.125250E-3,6.476750E-3,1.927500E-4,2.900822E-1,6.845225E-1,7.662903E-1,4.466535E-1,1.437488E-1,8.238575E-2,9.308938E-1,6.905263E-1,8.322177E-1,9.932433E-1,1.528077E-1,8.289050E-2,4.488225E-2,4.086925E-2]
              |      ExampleIDs: index: birds,foodtruck,ABPM,flags

              +--no:  Proportion of unique label combination (PUniq) > 0.012
                     +--yes: Distinct labelsets > 0.019318000000000002
                     |      +--yes: [9.057450E-2,3.483333E-5,3.028233E-2,8.890067E-2,2.056177E-1,4.624965E-1,4.738017E-2,8.023133E-2,1.216252E-1,8.109517E-2,3.266697E-1,2.024123E-1,5.230300E-2,6.333017E-2,6.422383E-2,9.348967E-2,2.009693E-1,1.383625E-1,5.082548E-1,3.028233E-2,1.183890E-1,2.370740E-1,137.126145,2.851950E-1,3.093500E-2,1.861993E-1,1.136500E-2,2.881168E-1,2.240697E-1,1.038833E-3,1.729092E-1,7.676617E-2,6.542000E-2,7.303267E-2,8.018000E-2,5.461667E-3,3.316705E-1,1.704207E-1,8.333333E-1,6.067732E-1,2.621825E-1,1.383387E-1,8.887490E-1,7.639422E-1,8.522332E-1,9.507090E-1,1.662317E-1,1.001290E-1,1.264977E-1,1.015422E-1]
                     |      |      ExampleIDs: index: ohsumed,bibtex,slashdot,langlog,reutersk500,Water_quality

                     |      +--no:  Attributes > 0.008851999999999999
                     |             +--yes: [2.042034E-1,1.325991E-2,6.424555E-2,3.557700E-2,3.509773E-2,2.706027E-1,7.846000E-3,2.610549E-1,1.487689E-1,3.926455E-3,9.384027E-2,3.126791E-2,5.051227E-2,1.151473E-2,6.271091E-3,2.803791E-2,3.477227E-2,7.049455E-2,8.319317E-1,6.424555E-2,6.130709E-2,6.387418E-2,48.13463,4.056594E-1,5.981818E-3,3.246573E-2,4.733764E-2,9.742482E-2,3.343445E-2,1.354455E-2,1.359877E-1,3.239636E-3,2.199909E-3,2.827000E-3,3.910818E-3,3.075455E-4,9.374100E-2,5.597616E-1,8.181818E-1,5.105433E-1,2.778173E-2,8.931182E-3,6.216620E-1,3.954315E-1,5.688235E-1,9.016882E-1,1.325128E-1,2.309482E-2,2.288407E-1,1.136512E-1]
                     |             |      ExampleIDs: index: medical,proteins_plant,HumanPseAAC,HumanGO,Virus_PseAAC,genbase,PlantGO,proteins_human,PlantPseAAC,proteins_virus,VirusGO

                     |             +--no:  [6.105000E-3,0,3.650500E-2,7.071400E-2,4.364000E-2,9.017485E-1,9.581150E-2,1.251065E-1,5.410180E-1,1.115100E-2,2.578000E-1,4.500000E-2,1.785950E-2,6.129000E-3,2.230000E-4,6.936650E-2,2.135250E-2,4.140350E-2,9.911665E-1,3.650500E-2,6.092800E-2,1.654850E-2,30.851662,8.259455E-1,0,4.228500E-3,4.151500E-3,5.249900E-2,2.752700E-2,2.020500E-3,1.366160E-1,9.341000E-3,6.363500E-3,8.638500E-3,1.114750E-2,6.645000E-4,1.320595E-1,2.670445E-1,1,1.456310E-1,4.402650E-2,1.491085E-1,6.865790E-1,4.913180E-1,6.865865E-1,9.689920E-1,4.313530E-1,1.348655E-1,4.121050E-2,6.085100E-2]
                     |                    ExampleIDs: index: yeast,CHD_49

                     +--no:  [6.445143E-2,0,2.466220E-1,2.930120E-1,7.388857E-3,3.695916E-1,1.071771E-2,2.794431E-1,3.295169E-1,1.570714E-3,3.478597E-1,7.043871E-2,2.870571E-1,1.897000E-3,1.011429E-3,2.220571E-2,1.325771E-2,8.791971E-2,9.084629E-1,2.466220E-1,4.440971E-2,2.616057E-2,38.711813,7.322097E-1,3.726286E-2,2.182771E-2,1.094757E-2,9.655771E-2,4.297357E-2,1.013857E-3,4.379729E-1,8.074286E-4,5.162857E-4,5.384286E-4,1.233571E-3,1.932857E-4,3.037657E-2,5.993543E-1,8.571429E-1,4.632101E-1,7.526857E-3,4.551057E-2,3.519670E-1,2.568026E-1,3.018531E-1,4.567176E-1,5.875076E-1,1.947143E-2,5.618400E-1,3.006641E-1]
                            ExampleIDs: index: emotions,scene,GpositivePseAAC,GpositiveGO,GnegativeGO,Yelp,GnegativePseACC


Pruned Model
************

[9.646677E-2,6.055385E-2,9.937990E-2,1.317929E-1,1.395772E-1,3.941135E-1,7.615537E-2,1.838607E-1,2.094328E-1,6.733548E-2,3.087833E-1,1.481557E-1,1.054245E-1,7.428510E-2,5.086102E-2,1.096745E-1,1.130875E-1,1.162632E-1,7.702521E-1,9.937990E-2,1.554734E-1,1.541079E-1,91.531359,4.217884E-1,1.104384E-1,1.234881E-1,6.901645E-2,1.996937E-1,1.571989E-1,3.755883E-2,1.869448E-1,6.531010E-2,6.064580E-2,6.391150E-2,6.683538E-2,2.975120E-2,2.487728E-1,3.935506E-1,7.766290E-1,4.940212E-1,1.797891E-1,1.063090E-1,7.090592E-1,5.669254E-1,6.717051E-1,8.349721E-1,2.612843E-1,1.575203E-1,2.187081E-1,1.550630E-1]
ExampleIDs: index: medical,birds,proteins_plant,emotions,enron,foodtruck,delicious,scene,HumanPseAAC,ABPM,corel5k,yeast,HumanGO,GpositivePseAAC,cal500,stackex_cs,ohsumed,Virus_PseAAC,ng20,Arabic200,genbase,stackex_chess,GpositiveGO,PlantGO,GnegativeGO,bibtex,slashdot,tmc2007_500,langlog,stackex_philosophy,reutersk500,proteins_human,Water_quality,PlantPseAAC,Yelp,CHD_49,flags,proteins_virus,VirusGO,GnegativePseACC


