Clus run metaDataset
********************

Date: 4/18/20 1:20 PM
File: HAMMING_LOSS_example_based.out
Attributes: 52 (input: 50, output: 1)
Missing values: No

[General]
Verbose = 1
RandomSeed = 0
ResourceInfoLoaded = No
DoNotInduce = No
LoggingProperties = logging.properties

[Data]
File = /home/matilda/PycharmProjects/MetaLearningForMLC/Meta_learning_MLC/LearningScenarios/Supervised/Task_10_to_tune_or_not/dataset_clus_HAMMING_LOSS_example_based_.arff
TestSet = None
PruneSet = None
XVal = 40
RemoveMissingTarget = No
NormalizeData = None

[Attributes]
Target = 52
Clustering = 52
Descriptive = 2-51
Key = None
Disable = None
Weights = Normalize
ClusteringWeights = 1.0
ReduceMemoryNominalAttrs = No
GIS = None

[Constraints]
Syntactic = None
MaxSize = Infinity
MaxError = 0.0
MaxDepth = Infinity

[Nominal]
MEstimate = 1.0

[Model]
MinimalWeight = 2.0
MinimalNumberExamples = 0
MinimalKnownWeight = 0.0
ParamTuneNumberFolds = 39
NominalSubsetTests = Yes

[Tree]
Heuristic = Gain
HeuristicComplexity = N2
SetDistance = GSMDistance
TupleDistance = Euclidean
TSDistance = DTW
PruningMethod = C45
BinarySplit = Yes
ConvertToRules = No
AlternativeSplits = No
Optimize = []
MSENominal = No
SplitSampling = None
MissingClusteringAttrHandling = EstimateFromParentNode
MissingTargetAttrHandling = ParentNode
InductionOrder = DepthFirst
EntropyType = StandardEntropy
ConsiderUnlableInstancesInIGCalc = No
SpatialMatrix = Binary
SpatialMeasure = GlobalMoran
Bandwidth = 0.001
Longlat = No
NumNeightbours = 0.0
Alpha = 1.0
SplitPosition = Exact

[SemiSupervised]
SemiSupervisedMethod = PCT
StoppingCriteria = NoneAdded
UnlabeledCriteria = Threshold
ConfidenceThreshold = 0.8
ConfidenceMeasure = Variance
Iterations = 10
K = 5
UnlabeledData = 
PercentageLabeled = 5
UseWeights = No
AirbagTrials = 0
ExhaustiveSearchThresholds = [0.5,0.6,0.7,0.8,0.9,0.99]
OOBErrorCalculation = LabeledOnly
Normalization = MinMaxNormalization
Aggregation = Average
CalibrateHmcThreshold = No
PruningWhenTuning = No
InternalFolds = 5
WeightScoresFile = NO
PossibleWeights = [0.0,0.1,0.2,0.3,0.4,0.5,0.6,0.7,0.8,0.9,1.0]

[Output]
ShowModels = [Default, Pruned, Others]
TrainErrors = Yes
ValidErrors = Yes
TestErrors = Yes
AllFoldModels = Yes
AllFoldErrors = No
AllFoldDatasets = No
UnknownFrequency = No
BranchFrequency = No
ShowInfo = [Key]
PrintModelAndExamples = Yes
WriteErrorFile = No
WriteModelFile = No
WritePerBagModelFile = Yes
WriteOOBFile = No
WritePredictions = []
GzipOutput = No
ModelIDFiles = No
WriteCurves = No
OutputPythonModel = No
PythonModelType = Object
OutputROSSubspaces = No
OutputJSONModel = No
OutputDatabaseQueries = No
OutputClowdFlowsJSON = No
ComputeSpearman = No

Run: 01
*******

Statistics
----------

FTValue (FTest): 0.001
Induction Time: 1.0000E-3 sec
Pruning Time: 0 sec
Prediction Time (total for ClusModel.Original): 
	0 microsecs
	0 millisecs
	0 secs
Prediction Time (average for ClusModel.Original): 0 microsecs
Model information:
     Default: Nodes = 1; Leaves = 1; Depth = 1
     Original: Nodes = 11; Leaves = 6; Depth = 5
     Pruned: Nodes = 11; Leaves = 6; Depth = 5

Training error
--------------

Number of examples: 40
Classification Error
   Default: 
   Attribute: target
     REAL\PRED |  1 | 0 |
     -----------------------
             1 | 25 | 0 | 25
             0 | 15 | 0 | 15
     -----------------------
               | 40 | 0 | 40
     Accuracy: 6.250000E-1
     Cramer's coefficient: 0

   Original: 
   Attribute: target
     REAL\PRED |  1 |  0 |
     ------------------------
             1 | 24 |  1 | 25
             0 |  0 | 15 | 15
     ------------------------
               | 24 | 16 | 40
     Accuracy: 9.750000E-1
     Cramer's coefficient: 9.486833E-1

   Pruned: 
   Attribute: target
     REAL\PRED |  1 |  0 |
     ------------------------
             1 | 24 |  1 | 25
             0 |  0 | 15 | 15
     ------------------------
               | 24 | 16 | 40
     Accuracy: 9.750000E-1
     Cramer's coefficient: 9.486833E-1

Weighted mean squared error (MSE) for Nominal Attributes (Weights [2.133])
   Default        : [1]
   Original       : [7.1111E-2]
   Pruned         : [7.1111E-2]
averageAUROC
   Default        : 5.000000E-1
   Original       : 9.973333E-1
   Pruned         : 9.973333E-1
averageAUPRC
   Default        : 6.250000E-1
   Original       : 9.985185E-1
   Pruned         : 9.985185E-1

Testing error
-------------

Number of examples: 40
Classification Error
   Default: 
   Attribute: target
     REAL\PRED |  1 | 0 |
     -----------------------
             1 | 25 | 0 | 25
             0 | 15 | 0 | 15
     -----------------------
               | 40 | 0 | 40
     Accuracy: 6.250000E-1
     Cramer's coefficient: 0

   Original: 
   Attribute: target
     REAL\PRED |  1 |  0 |
     ------------------------
             1 | 18 |  7 | 25
             0 |  6 |  9 | 15
     ------------------------
               | 24 | 16 | 40
     Accuracy: 6.750000E-1
     Cramer's coefficient: 3.162278E-1

   Pruned: 
   Attribute: target
     REAL\PRED |  1 |  0 |
     ------------------------
             1 | 16 |  9 | 25
             0 |  6 |  9 | 15
     ------------------------
               | 22 | 18 | 40
     Accuracy: 6.250000E-1
     Cramer's coefficient: 2.335497E-1

Weighted mean squared error (MSE) for Nominal Attributes (Weights [2.133])
   Default        : [1.0519]
   Original       : [1.4474]
   Pruned         : [1.4975]
averageAUROC
   Default        : 0
   Original       : 6.373333E-1
   Pruned         : 6.613333E-1
averageAUPRC
   Default        : 4.113116E-1
   Original       : 7.090766E-1
   Pruned         : 7.177020E-1

Default Model
*************

[1] [25.0]: 40

Original Model
**************

Density > 0.2529239766081872
+--yes: [0] [7.0]: 7
+--no:  Average gain ratio > 2.5412451866256694E-4
       +--yes: Mean of standard deviation of numeric attributes > 0.05579173580004769
       |      +--yes: Density > 0.08293805803571429
       |      |      +--yes: [1] [11.0]: 11
       |      |      +--no:  [0] [2.0]: 3
       |      +--no:  Density > 0.02825396825396825
       |             +--yes: [0] [6.0]: 6
       |             +--no:  [1] [2.0]: 2
       +--no:  [1] [11.0]: 11

Pruned Model
************

Density > 0.2529239766081872
+--yes: [0] [7.0]: 7
+--no:  Average gain ratio > 2.5412451866256694E-4
       +--yes: Mean of standard deviation of numeric attributes > 0.05579173580004769
       |      +--yes: Density > 0.08293805803571429
       |      |      +--yes: [1] [11.0]: 11
       |      |      +--no:  [0] [2.0]: 3
       |      +--no:  Density > 0.02825396825396825
       |             +--yes: [0] [6.0]: 6
       |             +--no:  [1] [2.0]: 2
       +--no:  [1] [11.0]: 11

