Clus run metaDataset
********************

Date: 5/1/20 7:31 PM
File: AUCROC_MICRO.out
Attributes: 52 (input: 50, output: 1)
Missing values: No

[General]
Verbose = 1
RandomSeed = 0
ResourceInfoLoaded = No
DoNotInduce = No
LoggingProperties = logging.properties

[Data]
File = /home/matilda/PycharmProjects/MetaLearningForMLC/Meta_learning_MLC/LearningScenarios/Supervised/Task_8_MULIT_CLASS_PCT/dataset_clus_AUCROC_MICRO_.arff
TestSet = None
PruneSet = None
XVal = 40
RemoveMissingTarget = No
NormalizeData = None

[Attributes]
Target = 52
Clustering = 52
Descriptive = 2-51
Key = None
Disable = None
Weights = Normalize
ClusteringWeights = 1.0
ReduceMemoryNominalAttrs = No
GIS = None

[Constraints]
Syntactic = None
MaxSize = Infinity
MaxError = 0.0
MaxDepth = Infinity

[Nominal]
MEstimate = 1.0

[Model]
MinimalWeight = 6.0
MinimalNumberExamples = 0
MinimalKnownWeight = 0.0
ParamTuneNumberFolds = 39
NominalSubsetTests = Yes

[Tree]
Heuristic = Gain
HeuristicComplexity = N2
SetDistance = GSMDistance
TupleDistance = Euclidean
TSDistance = DTW
PruningMethod = C45
BinarySplit = Yes
ConvertToRules = No
AlternativeSplits = No
Optimize = []
MSENominal = No
SplitSampling = None
MissingClusteringAttrHandling = EstimateFromParentNode
MissingTargetAttrHandling = ParentNode
InductionOrder = DepthFirst
EntropyType = StandardEntropy
ConsiderUnlableInstancesInIGCalc = No
SpatialMatrix = Binary
SpatialMeasure = GlobalMoran
Bandwidth = 0.001
Longlat = No
NumNeightbours = 0.0
Alpha = 1.0
SplitPosition = Exact

[SemiSupervised]
SemiSupervisedMethod = PCT
StoppingCriteria = NoneAdded
UnlabeledCriteria = Threshold
ConfidenceThreshold = 0.8
ConfidenceMeasure = Variance
Iterations = 10
K = 5
UnlabeledData = 
PercentageLabeled = 5
UseWeights = No
AirbagTrials = 0
ExhaustiveSearchThresholds = [0.5,0.6,0.7,0.8,0.9,0.99]
OOBErrorCalculation = LabeledOnly
Normalization = MinMaxNormalization
Aggregation = Average
CalibrateHmcThreshold = No
PruningWhenTuning = No
InternalFolds = 5
WeightScoresFile = NO
PossibleWeights = [0.0,0.1,0.2,0.3,0.4,0.5,0.6,0.7,0.8,0.9,1.0]

[Output]
ShowModels = [Default, Pruned, Others]
TrainErrors = Yes
ValidErrors = Yes
TestErrors = Yes
AllFoldModels = Yes
AllFoldErrors = No
AllFoldDatasets = No
UnknownFrequency = No
BranchFrequency = No
ShowInfo = [Key]
PrintModelAndExamples = Yes
WriteErrorFile = No
WriteModelFile = No
WritePerBagModelFile = Yes
WriteOOBFile = No
WritePredictions = []
GzipOutput = No
ModelIDFiles = No
WriteCurves = No
OutputPythonModel = No
PythonModelType = Object
OutputROSSubspaces = No
OutputJSONModel = No
OutputDatabaseQueries = No
OutputClowdFlowsJSON = No
ComputeSpearman = No

Run: 01
*******

Statistics
----------

FTValue (FTest): 0.001
Induction Time: 0 sec
Pruning Time: 0 sec
Prediction Time (total for ClusModel.Original): 
	0 microsecs
	0 millisecs
	0 secs
Prediction Time (average for ClusModel.Original): 0 microsecs
Model information:
     Default: Nodes = 1; Leaves = 1; Depth = 1
     Original: Nodes = 7; Leaves = 4; Depth = 4
     Pruned: Nodes = 7; Leaves = 4; Depth = 4

Training error
--------------

Number of examples: 40
Classification Error
   Default: 
   Attribute: target
     REAL\PRED |  0 | 1 | 2 |
     ---------------------------
             0 | 22 | 0 | 0 | 22
             1 |  6 | 0 | 0 |  6
             2 | 12 | 0 | 0 | 12
     ---------------------------
               | 40 | 0 | 0 | 40
     Accuracy: 5.500000E-1
     Cramer's coefficient: 0

   Original: 
   Attribute: target
     REAL\PRED |  0 | 1 |  2 |
     ----------------------------
             0 | 19 | 0 |  3 | 22
             1 |  4 | 0 |  2 |  6
             2 |  1 | 0 | 11 | 12
     ----------------------------
               | 24 | 0 | 16 | 40
     Accuracy: 7.500000E-1
     Cramer's coefficient: 4.978648E-1

   Pruned: 
   Attribute: target
     REAL\PRED |  0 | 1 |  2 |
     ----------------------------
             0 | 19 | 0 |  3 | 22
             1 |  4 | 0 |  2 |  6
             2 |  1 | 0 | 11 | 12
     ----------------------------
               | 24 | 0 | 16 | 40
     Accuracy: 7.500000E-1
     Cramer's coefficient: 4.978648E-1

Weighted mean squared error (MSE) for Nominal Attributes (Weights [1.709])
   Default        : [1]
   Original       : [6.0209E-1]
   Pruned         : [6.0209E-1]

Testing error
-------------

Number of examples: 40
Classification Error
   Default: 
   Attribute: target
     REAL\PRED |  0 | 1 | 2 |
     ---------------------------
             0 | 22 | 0 | 0 | 22
             1 |  6 | 0 | 0 |  6
             2 | 12 | 0 | 0 | 12
     ---------------------------
               | 40 | 0 | 0 | 40
     Accuracy: 5.500000E-1
     Cramer's coefficient: 0

   Original: 
   Attribute: target
     REAL\PRED |  0 | 1 |  2 |
     ----------------------------
             0 | 14 | 3 |  5 | 22
             1 |  6 | 0 |  0 |  6
             2 |  5 | 0 |  7 | 12
     ----------------------------
               | 25 | 3 | 12 | 40
     Accuracy: 5.250000E-1
     Cramer's coefficient: 3.542847E-1

   Pruned: 
   Attribute: target
     REAL\PRED |  0 | 1 |  2 |
     ----------------------------
             0 | 14 | 3 |  5 | 22
             1 |  5 | 0 |  1 |  6
             2 |  5 | 0 |  7 | 12
     ----------------------------
               | 24 | 3 | 13 | 40
     Accuracy: 5.250000E-1
     Cramer's coefficient: 3.019338E-1

Weighted mean squared error (MSE) for Nominal Attributes (Weights [1.709])
   Default        : [1.0519]
   Original       : [1.1569]
   Pruned         : [1.1622]

Default Model
*************

[0] [22.0]: 40

Original Model
**************

Ratio of unconditionally dependent label pairs by chi-square test > 0.07575757575757576
+--yes: LxIxF > 9342540.0
|      +--yes: Average gain ratio > 5.670425497802387E-4
|      |      +--yes: [2] [3.0]: 6
|      |      +--no:  [0] [3.0]: 6
|      +--no:  [0] [16.0]: 18
+--no:  [2] [8.0]: 10

Pruned Model
************

Ratio of unconditionally dependent label pairs by chi-square test > 0.07575757575757576
+--yes: LxIxF > 9342540.0
|      +--yes: Average gain ratio > 5.670425497802387E-4
|      |      +--yes: [2] [3.0]: 6
|      |      +--no:  [0] [3.0]: 6
|      +--no:  [0] [16.0]: 18
+--no:  [2] [8.0]: 10

