Clus run metaDataset
********************

Date: 5/1/20 7:36 PM
File: HAMMING_LOSS_example_based.out
Attributes: 52 (input: 50, output: 1)
Missing values: No

[General]
Verbose = 1
RandomSeed = 0
ResourceInfoLoaded = No
DoNotInduce = No
LoggingProperties = logging.properties

[Data]
File = /home/matilda/PycharmProjects/MetaLearningForMLC/Meta_learning_MLC/LearningScenarios/Supervised/Task_8_MULIT_CLASS_PCT/dataset_clus_HAMMING_LOSS_example_based_.arff
TestSet = None
PruneSet = None
XVal = 40
RemoveMissingTarget = No
NormalizeData = None

[Attributes]
Target = 52
Clustering = 52
Descriptive = 2-51
Key = None
Disable = None
Weights = Normalize
ClusteringWeights = 1.0
ReduceMemoryNominalAttrs = No
GIS = None

[Constraints]
Syntactic = None
MaxSize = Infinity
MaxError = 0.0
MaxDepth = Infinity

[Nominal]
MEstimate = 1.0

[Model]
MinimalWeight = 2.0
MinimalNumberExamples = 8
MinimalKnownWeight = 0.0
ParamTuneNumberFolds = 39
NominalSubsetTests = Yes

[Tree]
Heuristic = Gain
HeuristicComplexity = N2
SetDistance = GSMDistance
TupleDistance = Euclidean
TSDistance = DTW
PruningMethod = C45
BinarySplit = Yes
ConvertToRules = No
AlternativeSplits = No
Optimize = []
MSENominal = No
SplitSampling = None
MissingClusteringAttrHandling = EstimateFromParentNode
MissingTargetAttrHandling = ParentNode
InductionOrder = DepthFirst
EntropyType = StandardEntropy
ConsiderUnlableInstancesInIGCalc = No
SpatialMatrix = Binary
SpatialMeasure = GlobalMoran
Bandwidth = 0.001
Longlat = No
NumNeightbours = 0.0
Alpha = 1.0
SplitPosition = Exact

[SemiSupervised]
SemiSupervisedMethod = PCT
StoppingCriteria = NoneAdded
UnlabeledCriteria = Threshold
ConfidenceThreshold = 0.8
ConfidenceMeasure = Variance
Iterations = 10
K = 5
UnlabeledData = 
PercentageLabeled = 5
UseWeights = No
AirbagTrials = 0
ExhaustiveSearchThresholds = [0.5,0.6,0.7,0.8,0.9,0.99]
OOBErrorCalculation = LabeledOnly
Normalization = MinMaxNormalization
Aggregation = Average
CalibrateHmcThreshold = No
PruningWhenTuning = No
InternalFolds = 5
WeightScoresFile = NO
PossibleWeights = [0.0,0.1,0.2,0.3,0.4,0.5,0.6,0.7,0.8,0.9,1.0]

[Output]
ShowModels = [Default, Pruned, Others]
TrainErrors = Yes
ValidErrors = Yes
TestErrors = Yes
AllFoldModels = Yes
AllFoldErrors = No
AllFoldDatasets = No
UnknownFrequency = No
BranchFrequency = No
ShowInfo = [Key]
PrintModelAndExamples = Yes
WriteErrorFile = No
WriteModelFile = No
WritePerBagModelFile = Yes
WriteOOBFile = No
WritePredictions = []
GzipOutput = No
ModelIDFiles = No
WriteCurves = No
OutputPythonModel = No
PythonModelType = Object
OutputROSSubspaces = No
OutputJSONModel = No
OutputDatabaseQueries = No
OutputClowdFlowsJSON = No
ComputeSpearman = No

Run: 01
*******

Statistics
----------

FTValue (FTest): 0.001
Induction Time: 1.0000E-3 sec
Pruning Time: 0 sec
Prediction Time (total for ClusModel.Original): 
	0 microsecs
	0 millisecs
	0 secs
Prediction Time (average for ClusModel.Original): 0 microsecs
Model information:
     Default: Nodes = 1; Leaves = 1; Depth = 1
     Original: Nodes = 5; Leaves = 3; Depth = 3
     Pruned: Nodes = 5; Leaves = 3; Depth = 3

Training error
--------------

Number of examples: 40
Classification Error
   Default: 
   Attribute: target
     REAL\PRED |  0 | 1 | 2 |
     ---------------------------
             0 | 18 | 0 | 0 | 18
             1 | 17 | 0 | 0 | 17
             2 |  5 | 0 | 0 |  5
     ---------------------------
               | 40 | 0 | 0 | 40
     Accuracy: 4.500000E-1
     Cramer's coefficient: 0

   Original: 
   Attribute: target
     REAL\PRED |  0 |  1 |  2 |
     -----------------------------
             0 | 11 |  3 |  4 | 18
             1 |  2 | 12 |  3 | 17
             2 |  0 |  0 |  5 |  5
     -----------------------------
               | 13 | 15 | 12 | 40
     Accuracy: 7.000000E-1
     Cramer's coefficient: 5.779668E-1

   Pruned: 
   Attribute: target
     REAL\PRED |  0 |  1 |  2 |
     -----------------------------
             0 | 11 |  3 |  4 | 18
             1 |  2 | 12 |  3 | 17
             2 |  0 |  0 |  5 |  5
     -----------------------------
               | 13 | 15 | 12 | 40
     Accuracy: 7.000000E-1
     Cramer's coefficient: 5.779668E-1

Weighted mean squared error (MSE) for Nominal Attributes (Weights [1.663])
   Default        : [1.0000E0]
   Original       : [6.6603E-1]
   Pruned         : [6.6603E-1]

Testing error
-------------

Number of examples: 40
Classification Error
   Default: 
   Attribute: target
     REAL\PRED |  0 | 1 | 2 |
     ---------------------------
             0 | 18 | 0 | 0 | 18
             1 | 17 | 0 | 0 | 17
             2 |  5 | 0 | 0 |  5
     ---------------------------
               | 40 | 0 | 0 | 40
     Accuracy: 4.500000E-1
     Cramer's coefficient: 0

   Original: 
   Attribute: target
     REAL\PRED |  0 |  1 | 2 |
     ----------------------------
             0 | 10 |  4 | 4 | 18
             1 |  3 | 12 | 2 | 17
             2 |  3 |  2 | 0 |  5
     ----------------------------
               | 16 | 18 | 6 | 40
     Accuracy: 5.500000E-1
     Cramer's coefficient: 3.497068E-1

   Pruned: 
   Attribute: target
     REAL\PRED |  0 |  1 | 2 |
     ----------------------------
             0 | 10 |  4 | 4 | 18
             1 |  3 | 12 | 2 | 17
             2 |  3 |  2 | 0 |  5
     ----------------------------
               | 16 | 18 | 6 | 40
     Accuracy: 5.500000E-1
     Cramer's coefficient: 3.497068E-1

Weighted mean squared error (MSE) for Nominal Attributes (Weights [1.663])
   Default        : [1.0519]
   Original       : [1.0034]
   Pruned         : [9.4239E-1]

Default Model
*************

[0] [18.0]: 40

Original Model
**************

Ratio of number of instances to the number of attributes > 0.4635890767230169
+--yes: Max IR per labelset > 72.0
|      +--yes: [1] [12.0]: 15
|      +--no:  [0] [11.0]: 13
+--no:  [2] [5.0]: 12

Pruned Model
************

Ratio of number of instances to the number of attributes > 0.4635890767230169
+--yes: Max IR per labelset > 72.0
|      +--yes: [1] [12.0]: 15
|      +--no:  [0] [11.0]: 13
+--no:  [2] [5.0]: 12

