Clus run metaDataset
********************

Date: 4/12/20 5:14 PM
File: MACRO_F1.out
Attributes: 52 (input: 50, output: 1)
Missing values: No

[General]
Verbose = 1
RandomSeed = 0
ResourceInfoLoaded = No
DoNotInduce = No
LoggingProperties = logging.properties

[Data]
File = /home/matilda/PycharmProjects/MetaLearningForMLC/Meta_learning_MLC/LearningScenarios/Supervised/Task_8_MULIT_CLASS_PCT/dataset_clus_MACRO_F1_.arff
TestSet = None
PruneSet = None
XVal = 40
RemoveMissingTarget = No
NormalizeData = None

[Attributes]
Target = 52
Clustering = 52
Descriptive = 2-51
Key = None
Disable = None
Weights = Normalize
ClusteringWeights = 1.0
ReduceMemoryNominalAttrs = No
GIS = None

[Constraints]
Syntactic = None
MaxSize = Infinity
MaxError = 0.0
MaxDepth = Infinity

[Nominal]
MEstimate = 1.0

[Model]
MinimalWeight = 2.0
MinimalNumberExamples = 0
MinimalKnownWeight = 0.0
ParamTuneNumberFolds = 39
NominalSubsetTests = Yes

[Tree]
Heuristic = Gain
HeuristicComplexity = N2
SetDistance = GSMDistance
TupleDistance = Euclidean
TSDistance = DTW
PruningMethod = C45
BinarySplit = Yes
ConvertToRules = No
AlternativeSplits = No
Optimize = []
MSENominal = No
SplitSampling = None
MissingClusteringAttrHandling = EstimateFromParentNode
MissingTargetAttrHandling = ParentNode
InductionOrder = DepthFirst
EntropyType = StandardEntropy
ConsiderUnlableInstancesInIGCalc = No
SpatialMatrix = Binary
SpatialMeasure = GlobalMoran
Bandwidth = 0.001
Longlat = No
NumNeightbours = 0.0
Alpha = 1.0
SplitPosition = Exact

[SemiSupervised]
SemiSupervisedMethod = PCT
StoppingCriteria = NoneAdded
UnlabeledCriteria = Threshold
ConfidenceThreshold = 0.8
ConfidenceMeasure = Variance
Iterations = 10
K = 5
UnlabeledData = 
PercentageLabeled = 5
UseWeights = No
AirbagTrials = 0
ExhaustiveSearchThresholds = [0.5,0.6,0.7,0.8,0.9,0.99]
OOBErrorCalculation = LabeledOnly
Normalization = MinMaxNormalization
Aggregation = Average
CalibrateHmcThreshold = No
PruningWhenTuning = No
InternalFolds = 5
WeightScoresFile = NO
PossibleWeights = [0.0,0.1,0.2,0.3,0.4,0.5,0.6,0.7,0.8,0.9,1.0]

[Output]
ShowModels = [Default, Pruned, Others]
TrainErrors = Yes
ValidErrors = Yes
TestErrors = Yes
AllFoldModels = Yes
AllFoldErrors = No
AllFoldDatasets = No
UnknownFrequency = No
BranchFrequency = No
ShowInfo = [Key]
PrintModelAndExamples = Yes
WriteErrorFile = No
WriteModelFile = No
WritePerBagModelFile = Yes
WriteOOBFile = No
WritePredictions = []
GzipOutput = No
ModelIDFiles = No
WriteCurves = No
OutputPythonModel = No
PythonModelType = Object
OutputROSSubspaces = No
OutputJSONModel = No
OutputDatabaseQueries = No
OutputClowdFlowsJSON = No
ComputeSpearman = No

Run: 01
*******

Statistics
----------

FTValue (FTest): 0.001
Induction Time: 1.0000E-3 sec
Pruning Time: 0 sec
Prediction Time (total for ClusModel.Original): 
	0 microsecs
	0 millisecs
	0 secs
Prediction Time (average for ClusModel.Original): 0 microsecs
Model information:
     Default: Nodes = 1; Leaves = 1; Depth = 1
     Original: Nodes = 17; Leaves = 9; Depth = 7
     Pruned: Nodes = 15; Leaves = 8; Depth = 6

Training error
--------------

Number of examples: 40
Classification Error
   Default: 
   Attribute: target
     REAL\PRED | 0 | 1 |  2 |
     ---------------------------
             0 | 0 | 0 |  3 |  3
             1 | 0 | 0 | 18 | 18
             2 | 0 | 0 | 19 | 19
     ---------------------------
               | 0 | 0 | 40 | 40
     Accuracy: 4.750000E-1
     Cramer's coefficient: 0

   Original: 
   Attribute: target
     REAL\PRED | 0 |  1 |  2 |
     ----------------------------
             0 | 3 |  0 |  0 |  3
             1 | 0 | 17 |  1 | 18
             2 | 1 |  2 | 16 | 19
     ----------------------------
               | 4 | 19 | 17 | 40
     Accuracy: 9.000000E-1
     Cramer's coefficient: 8.411614E-1

   Pruned: 
   Attribute: target
     REAL\PRED | 0 |  1 |  2 |
     ----------------------------
             0 | 3 |  0 |  0 |  3
             1 | 0 | 16 |  2 | 18
             2 | 1 |  1 | 17 | 19
     ----------------------------
               | 4 | 17 | 19 | 40
     Accuracy: 9.000000E-1
     Cramer's coefficient: 8.411614E-1

Weighted mean squared error (MSE) for Nominal Attributes (Weights [1.766])
   Default        : [1]
   Original       : [2.4871E-1]
   Pruned         : [2.7079E-1]

Testing error
-------------

Number of examples: 40
Classification Error
   Default: 
   Attribute: target
     REAL\PRED | 0 |  1 |  2 |
     ----------------------------
             0 | 0 |  0 |  3 |  3
             1 | 0 |  0 | 18 | 18
             2 | 0 | 19 |  0 | 19
     ----------------------------
               | 0 | 19 | 21 | 40
     Accuracy: 0
     Cramer's coefficient: 7.071068E-1

   Original: 
   Attribute: target
     REAL\PRED | 0 |  1 |  2 |
     ----------------------------
             0 | 0 |  3 |  0 |  3
             1 | 0 | 11 |  7 | 18
             2 | 1 | 10 |  8 | 19
     ----------------------------
               | 1 | 24 | 15 | 40
     Accuracy: 4.750000E-1
     Cramer's coefficient: 2.037956E-1

   Pruned: 
   Attribute: target
     REAL\PRED | 0 |  1 |  2 |
     ----------------------------
             0 | 0 |  3 |  0 |  3
             1 | 0 | 11 |  7 | 18
             2 | 1 | 10 |  8 | 19
     ----------------------------
               | 1 | 24 | 15 | 40
     Accuracy: 4.750000E-1
     Cramer's coefficient: 2.037956E-1

Weighted mean squared error (MSE) for Nominal Attributes (Weights [1.766])
   Default        : [1.0519]
   Original       : [1.8012]
   Pruned         : [1.7656]

Default Model
*************

[2] [19.0]: 40

Original Model
**************

Proportion of numeric attributes > 0.6071428571428571
+--yes: Cardinality > 1.0666666666666669
|      +--yes: Ratio of number of instances to the number of attributes > 1.8919239904988123
|      |      +--yes: Bound > 2404.0
|      |      |      +--yes: [2] [3.0]: 3
|      |      |      +--no:  CVIR inter class > 1.4688620684515101
|      |      |             +--yes: Attributes > 49.0
|      |      |             |      +--yes: [1] [1.0]: 2
|      |      |             |      +--no:  [2] [2.0]: 2
|      |      |             +--no:  [1] [5.0]: 5
|      |      +--no:  [2] [9.0]: 9
|      +--no:  Kurtosis cardinality > 12.446181060580304
|             +--yes: Attributes > 912.0
|             |      +--yes: [1] [2.0]: 2
|             |      +--no:  [2] [2.0]: 3
|             +--no:  [0] [3.0]: 4
+--no:  [1] [9.0]: 10

Pruned Model
************

Proportion of numeric attributes > 0.6071428571428571
+--yes: Cardinality > 1.0666666666666669
|      +--yes: Ratio of number of instances to the number of attributes > 1.8919239904988123
|      |      +--yes: Bound > 2404.0
|      |      |      +--yes: [2] [3.0]: 3
|      |      |      +--no:  CVIR inter class > 1.4688620684515101
|      |      |             +--yes: [2] [3.0]: 4
|      |      |             +--no:  [1] [5.0]: 5
|      |      +--no:  [2] [9.0]: 9
|      +--no:  Kurtosis cardinality > 12.446181060580304
|             +--yes: Attributes > 912.0
|             |      +--yes: [1] [2.0]: 2
|             |      +--no:  [2] [2.0]: 3
|             +--no:  [0] [3.0]: 4
+--no:  [1] [9.0]: 10

