Clus run metaDataset
********************

Date: 4/12/20 5:11 PM
File: MICRO_F1.out
Attributes: 52 (input: 50, output: 1)
Missing values: No

[General]
Verbose = 1
RandomSeed = 0
ResourceInfoLoaded = No
DoNotInduce = No
LoggingProperties = logging.properties

[Data]
File = /home/matilda/PycharmProjects/MetaLearningForMLC/Meta_learning_MLC/LearningScenarios/Supervised/Task_8_MULIT_CLASS_PCT/dataset_clus_MICRO_F1_.arff
TestSet = None
PruneSet = None
XVal = 40
RemoveMissingTarget = No
NormalizeData = None

[Attributes]
Target = 52
Clustering = 52
Descriptive = 2-51
Key = None
Disable = None
Weights = Normalize
ClusteringWeights = 1.0
ReduceMemoryNominalAttrs = No
GIS = None

[Constraints]
Syntactic = None
MaxSize = Infinity
MaxError = 0.0
MaxDepth = Infinity

[Nominal]
MEstimate = 1.0

[Model]
MinimalWeight = 2.0
MinimalNumberExamples = 0
MinimalKnownWeight = 0.0
ParamTuneNumberFolds = 39
NominalSubsetTests = Yes

[Tree]
Heuristic = Gain
HeuristicComplexity = N2
SetDistance = GSMDistance
TupleDistance = Euclidean
TSDistance = DTW
PruningMethod = C45
BinarySplit = Yes
ConvertToRules = No
AlternativeSplits = No
Optimize = []
MSENominal = No
SplitSampling = None
MissingClusteringAttrHandling = EstimateFromParentNode
MissingTargetAttrHandling = ParentNode
InductionOrder = DepthFirst
EntropyType = StandardEntropy
ConsiderUnlableInstancesInIGCalc = No
SpatialMatrix = Binary
SpatialMeasure = GlobalMoran
Bandwidth = 0.001
Longlat = No
NumNeightbours = 0.0
Alpha = 1.0
SplitPosition = Exact

[SemiSupervised]
SemiSupervisedMethod = PCT
StoppingCriteria = NoneAdded
UnlabeledCriteria = Threshold
ConfidenceThreshold = 0.8
ConfidenceMeasure = Variance
Iterations = 10
K = 5
UnlabeledData = 
PercentageLabeled = 5
UseWeights = No
AirbagTrials = 0
ExhaustiveSearchThresholds = [0.5,0.6,0.7,0.8,0.9,0.99]
OOBErrorCalculation = LabeledOnly
Normalization = MinMaxNormalization
Aggregation = Average
CalibrateHmcThreshold = No
PruningWhenTuning = No
InternalFolds = 5
WeightScoresFile = NO
PossibleWeights = [0.0,0.1,0.2,0.3,0.4,0.5,0.6,0.7,0.8,0.9,1.0]

[Output]
ShowModels = [Default, Pruned, Others]
TrainErrors = Yes
ValidErrors = Yes
TestErrors = Yes
AllFoldModels = Yes
AllFoldErrors = No
AllFoldDatasets = No
UnknownFrequency = No
BranchFrequency = No
ShowInfo = [Key]
PrintModelAndExamples = Yes
WriteErrorFile = No
WriteModelFile = No
WritePerBagModelFile = Yes
WriteOOBFile = No
WritePredictions = []
GzipOutput = No
ModelIDFiles = No
WriteCurves = No
OutputPythonModel = No
PythonModelType = Object
OutputROSSubspaces = No
OutputJSONModel = No
OutputDatabaseQueries = No
OutputClowdFlowsJSON = No
ComputeSpearman = No

Run: 01
*******

Statistics
----------

FTValue (FTest): 0.001
Induction Time: 1.0000E-3 sec
Pruning Time: 0 sec
Prediction Time (total for ClusModel.Original): 
	0 microsecs
	0 millisecs
	0 secs
Prediction Time (average for ClusModel.Original): 0 microsecs
Model information:
     Default: Nodes = 1; Leaves = 1; Depth = 1
     Original: Nodes = 17; Leaves = 9; Depth = 5
     Pruned: Nodes = 11; Leaves = 6; Depth = 4

Training error
--------------

Number of examples: 40
Classification Error
   Default: 
   Attribute: target
     REAL\PRED | 0 |  1 | 2 |
     ---------------------------
             0 | 0 | 13 | 0 | 13
             1 | 0 | 21 | 0 | 21
             2 | 0 |  6 | 0 |  6
     ---------------------------
               | 0 | 40 | 0 | 40
     Accuracy: 5.250000E-1
     Cramer's coefficient: 0

   Original: 
   Attribute: target
     REAL\PRED |  0 |  1 | 2 |
     ----------------------------
             0 | 13 |  0 | 0 | 13
             1 |  3 | 18 | 0 | 21
             2 |  0 |  1 | 5 |  6
     ----------------------------
               | 16 | 19 | 5 | 40
     Accuracy: 9.000000E-1
     Cramer's coefficient: 8.641241E-1

   Pruned: 
   Attribute: target
     REAL\PRED |  0 |  1 | 2 |
     ----------------------------
             0 | 11 |  2 | 0 | 13
             1 |  1 | 19 | 1 | 21
             2 |  0 |  0 | 6 |  6
     ----------------------------
               | 12 | 21 | 7 | 40
     Accuracy: 9.000000E-1
     Cramer's coefficient: 8.593023E-1

Weighted mean squared error (MSE) for Nominal Attributes (Weights [1.677])
   Default        : [1]
   Original       : [1.6771E-1]
   Pruned         : [2.5562E-1]

Testing error
-------------

Number of examples: 40
Classification Error
   Default: 
   Attribute: target
     REAL\PRED | 0 |  1 | 2 |
     ---------------------------
             0 | 0 | 13 | 0 | 13
             1 | 0 | 21 | 0 | 21
             2 | 0 |  6 | 0 |  6
     ---------------------------
               | 0 | 40 | 0 | 40
     Accuracy: 5.250000E-1
     Cramer's coefficient: 0

   Original: 
   Attribute: target
     REAL\PRED |  0 |  1 | 2 |
     ----------------------------
             0 |  8 |  4 | 1 | 13
             1 |  5 | 14 | 2 | 21
             2 |  2 |  2 | 2 |  6
     ----------------------------
               | 15 | 20 | 5 | 40
     Accuracy: 6.000000E-1
     Cramer's coefficient: 3.165172E-1

   Pruned: 
   Attribute: target
     REAL\PRED |  0 |  1 | 2 |
     ----------------------------
             0 |  8 |  4 | 1 | 13
             1 |  4 | 15 | 2 | 21
             2 |  1 |  3 | 2 |  6
     ----------------------------
               | 13 | 22 | 5 | 40
     Accuracy: 6.250000E-1
     Cramer's coefficient: 3.521923E-1

Weighted mean squared error (MSE) for Nominal Attributes (Weights [1.677])
   Default        : [1.0519]
   Original       : [1.1627]
   Pruned         : [1.1285]

Default Model
*************

[1] [21.0]: 40

Original Model
**************

Ratio of number of instances to the number of attributes > 0.4635890767230169
+--yes: Attributes > 294.0
|      +--yes: Average examples per labelset > 1.3373253493013972
|      |      +--yes: [1] [15.0]: 15
|      |      +--no:  [0] [1.0]: 2
|      +--no:  CVIR inter class > 1.3384909907777056
|             +--yes: Attributes > 49.0
|             |      +--yes: [0] [1.0]: 2
|             |      +--no:  [1] [2.0]: 2
|             +--no:  [0] [7.0]: 7
+--no:  Attributes > 1538.0
       +--yes: [0] [3.0]: 3
       +--no:  Attributes > 440.0
              +--yes: Average gain ratio > 6.321664685299629E-4
              |      +--yes: [2] [5.0]: 5
              |      +--no:  [1] [1.0]: 2
              +--no:  [0] [1.0]: 2

Pruned Model
************

Ratio of number of instances to the number of attributes > 0.4635890767230169
+--yes: Attributes > 294.0
|      +--yes: [1] [16.0]: 17
|      +--no:  CVIR inter class > 1.3384909907777056
|             +--yes: [1] [3.0]: 4
|             +--no:  [0] [7.0]: 7
+--no:  Attributes > 1538.0
       +--yes: [0] [3.0]: 3
       +--no:  Attributes > 440.0
              +--yes: [2] [6.0]: 7
              +--no:  [0] [1.0]: 2

